# Java VM: Java HotSpot(TM) 64-Bit Server VM (25.121-b13 mixed mode windows-amd64 compressed oops)
Heap:
 PSYoungGen      total 3786240K, used 3390682K [0x00000006c0000000, 0x00000007bf700000, 0x00000007c0000000)
  eden space 3432960K, 98% used [0x00000006c0000000,0x000000078e1c6a40,0x0000000791880000)
  from space 353280K, 3% used [0x0000000791880000,0x00000007925f0100,0x00000007a7180000)
  to   space 334848K, 0% used [0x00000007ab000000,0x00000007ab000000,0x00000007bf700000)
 ParOldGen       total 8388608K, used 4806190K [0x00000004c0000000, 0x00000006c0000000, 0x00000006c0000000)
  object space 8388608K, 57% used [0x00000004c0000000,0x00000005e558b998,0x00000006c0000000)
 Metaspace       used 69763K, capacity 74898K, committed 75520K, reserved 1114112K
  class space    used 8913K, capacity 9763K, committed 9984K, reserved 1048576K
GC Heap History (10 events):
Event: 3570.326 GC heap before
{Heap before GC invocations=1150 (full 5):
 PSYoungGen      total 3707904K, used 3314880K [0x00000006c0000000, 0x00000007bda00000, 0x00000007c0000000)
  eden space 3310592K, 100% used [0x00000006c0000000,0x000000078a100000,0x000000078a100000)
  from space 397312K, 1% used [0x00000007a5600000,0x00000007a5a300c0,0x00000007bda00000)
  to   space 422400K, 0% used [0x000000078a100000,0x000000078a100000,0x00000007a3d80000)
 ParOldGen       total 8388608K, used 4806190K [0x00000004c0000000, 0x00000006c0000000, 0x00000006c0000000)
  object space 8388608K, 57% used [0x00000004c0000000,0x00000005e558b998,0x00000006c0000000)
 Metaspace       used 69751K, capacity 74898K, committed 75520K, reserved 1114112K
  class space    used 8910K, capacity 9763K, committed 9984K, reserved 1048576K
Event: 3570.340 GC heap after
Heap after GC invocations=1150 (full 5):
 PSYoungGen      total 3732992K, used 6208K [0x00000006c0000000, 0x00000007bfa80000, 0x00000007c0000000)
  eden space 3310592K, 0% used [0x00000006c0000000,0x00000006c0000000,0x000000078a100000)
  from space 422400K, 1% used [0x000000078a100000,0x000000078a7100a0,0x00000007a3d80000)
  to   space 407040K, 0% used [0x00000007a6d00000,0x00000007a6d00000,0x00000007bfa80000)
 ParOldGen       total 8388608K, used 4806190K [0x00000004c0000000, 0x00000006c0000000, 0x00000006c0000000)
  object space 8388608K, 57% used [0x00000004c0000000,0x00000005e558b998,0x00000006c0000000)
 Metaspace       used 69751K, capacity 74898K, committed 75520K, reserved 1114112K
  class space    used 8910K, capacity 9763K, committed 9984K, reserved 1048576K
}
Event: 3573.430 GC heap before
{Heap before GC invocations=1151 (full 5):
 PSYoungGen      total 3732992K, used 3316800K [0x00000006c0000000, 0x00000007bfa80000, 0x00000007c0000000)
  eden space 3310592K, 100% used [0x00000006c0000000,0x000000078a100000,0x000000078a100000)
  from space 422400K, 1% used [0x000000078a100000,0x000000078a7100a0,0x00000007a3d80000)
  to   space 407040K, 0% used [0x00000007a6d00000,0x00000007a6d00000,0x00000007bfa80000)
 ParOldGen       total 8388608K, used 4806190K [0x00000004c0000000, 0x00000006c0000000, 0x00000006c0000000)
  object space 8388608K, 57% used [0x00000004c0000000,0x00000005e558b998,0x00000006c0000000)
 Metaspace       used 69753K, capacity 74898K, committed 75520K, reserved 1114112K
  class space    used 8910K, capacity 9763K, committed 9984K, reserved 1048576K
Event: 3573.443 GC heap after
Heap after GC invocations=1151 (full 5):
 PSYoungGen      total 3727360K, used 8048K [0x00000006c0000000, 0x00000007bcf00000, 0x00000007c0000000)
  eden space 3364864K, 0% used [0x00000006c0000000,0x00000006c0000000,0x000000078d600000)
  from space 362496K, 2% used [0x00000007a6d00000,0x00000007a74dc0b0,0x00000007bcf00000)
  to   space 389632K, 0% used [0x000000078d600000,0x000000078d600000,0x00000007a5280000)
 ParOldGen       total 8388608K, used 4806190K [0x00000004c0000000, 0x00000006c0000000, 0x00000006c0000000)
  object space 8388608K, 57% used [0x00000004c0000000,0x00000005e558b998,0x00000006c0000000)
 Metaspace       used 69753K, capacity 74898K, committed 75520K, reserved 1114112K
  class space    used 8910K, capacity 9763K, committed 9984K, reserved 1048576K
}
Event: 3576.608 GC heap before
{Heap before GC invocations=1152 (full 5):
 PSYoungGen      total 3727360K, used 3372912K [0x00000006c0000000, 0x00000007bcf00000, 0x00000007c0000000)
  eden space 3364864K, 100% used [0x00000006c0000000,0x000000078d600000,0x000000078d600000)
  from space 362496K, 2% used [0x00000007a6d00000,0x00000007a74dc0b0,0x00000007bcf00000)
  to   space 389632K, 0% used [0x000000078d600000,0x000000078d600000,0x00000007a5280000)
 ParOldGen       total 8388608K, used 4806190K [0x00000004c0000000, 0x00000006c0000000, 0x00000006c0000000)
  object space 8388608K, 57% used [0x00000004c0000000,0x00000005e558b998,0x00000006c0000000)
 Metaspace       used 69753K, capacity 74898K, committed 75520K, reserved 1114112K
  class space    used 8910K, capacity 9763K, committed 9984K, reserved 1048576K
Event: 3576.630 GC heap after
Heap after GC invocations=1152 (full 5):
 PSYoungGen      total 3754496K, used 9904K [0x00000006c0000000, 0x00000007bf780000, 0x00000007c0000000)
  eden space 3364864K, 0% used [0x00000006c0000000,0x00000006c0000000,0x000000078d600000)
  from space 389632K, 2% used [0x000000078d600000,0x000000078dfac0f0,0x00000007a5280000)
  to   space 371712K, 0% used [0x00000007a8c80000,0x00000007a8c80000,0x00000007bf780000)
 ParOldGen       total 8388608K, used 4806190K [0x00000004c0000000, 0x00000006c0000000, 0x00000006c0000000)
  object space 8388608K, 57% used [0x00000004c0000000,0x00000005e558b998,0x00000006c0000000)
 Metaspace       used 69753K, capacity 74898K, committed 75520K, reserved 1114112K
  class space    used 8910K, capacity 9763K, committed 9984K, reserved 1048576K
}
Event: 3580.045 GC heap before
{Heap before GC invocations=1153 (full 5):
 PSYoungGen      total 3754496K, used 3374768K [0x00000006c0000000, 0x00000007bf780000, 0x00000007c0000000)
  eden space 3364864K, 100% used [0x00000006c0000000,0x000000078d600000,0x000000078d600000)
  from space 389632K, 2% used [0x000000078d600000,0x000000078dfac0f0,0x00000007a5280000)
  to   space 371712K, 0% used [0x00000007a8c80000,0x00000007a8c80000,0x00000007bf780000)
 ParOldGen       total 8388608K, used 4806190K [0x00000004c0000000, 0x00000006c0000000, 0x00000006c0000000)
  object space 8388608K, 57% used [0x00000004c0000000,0x00000005e558b998,0x00000006c0000000)
 Metaspace       used 69754K, capacity 74898K, committed 75520K, reserved 1114112K
  class space    used 8910K, capacity 9763K, committed 9984K, reserved 1048576K
Event: 3580.074 GC heap after
Heap after GC invocations=1153 (full 5):
 PSYoungGen      total 3758592K, used 11840K [0x00000006c0000000, 0x00000007bca80000, 0x00000007c0000000)
  eden space 3432960K, 0% used [0x00000006c0000000,0x00000006c0000000,0x0000000791880000)
  from space 325632K, 3% used [0x00000007a8c80000,0x00000007a98100e0,0x00000007bca80000)
  to   space 353280K, 0% used [0x0000000791880000,0x0000000791880000,0x00000007a7180000)
 ParOldGen       total 8388608K, used 4806190K [0x00000004c0000000, 0x00000006c0000000, 0x00000006c0000000)
  object space 8388608K, 57% used [0x00000004c0000000,0x00000005e558b998,0x00000006c0000000)
 Metaspace       used 69754K, capacity 74898K, committed 75520K, reserved 1114112K
  class space    used 8910K, capacity 9763K, committed 9984K, reserved 1048576K
}
Event: 3583.244 GC heap before
{Heap before GC invocations=1154 (full 5):
 PSYoungGen      total 3758592K, used 3444800K [0x00000006c0000000, 0x00000007bca80000, 0x00000007c0000000)
  eden space 3432960K, 100% used [0x00000006c0000000,0x0000000791880000,0x0000000791880000)
  from space 325632K, 3% used [0x00000007a8c80000,0x00000007a98100e0,0x00000007bca80000)
  to   space 353280K, 0% used [0x0000000791880000,0x0000000791880000,0x00000007a7180000)
 ParOldGen       total 8388608K, used 4806190K [0x00000004c0000000, 0x00000006c0000000, 0x00000006c0000000)
  object space 8388608K, 57% used [0x00000004c0000000,0x00000005e558b998,0x00000006c0000000)
 Metaspace       used 69754K, capacity 74898K, committed 75520K, reserved 1114112K
  class space    used 8910K, capacity 9763K, committed 9984K, reserved 1048576K
Event: 3583.258 GC heap after
Heap after GC invocations=1154 (full 5):
 PSYoungGen      total 3786240K, used 13760K [0x00000006c0000000, 0x00000007bf700000, 0x00000007c0000000)
  eden space 3432960K, 0% used [0x00000006c0000000,0x00000006c0000000,0x0000000791880000)
  from space 353280K, 3% used [0x0000000791880000,0x00000007925f0100,0x00000007a7180000)
  to   space 334848K, 0% used [0x00000007ab000000,0x00000007ab000000,0x00000007bf700000)
 ParOldGen       total 8388608K, used 4806190K [0x00000004c0000000, 0x00000006c0000000, 0x00000006c0000000)
  object space 8388608K, 57% used [0x00000004c0000000,0x00000005e558b998,0x00000006c0000000)
 Metaspace       used 69754K, capacity 74898K, committed 75520K, reserved 1114112K
  class space    used 8910K, capacity 9763K, committed 9984K, reserved 1048576K
}

