# JRE version: Java(TM) SE Runtime Environment (8.0_121-b13) (build 1.8.0_121-b13)
# Java VM: Java HotSpot(TM) 64-Bit Server VM (25.121-b13 mixed mode windows-amd64 compressed oops)
Heap:
 PSYoungGen      total 76288K, used 1284K [0x00000000f5580000, 0x00000000fc780000, 0x0000000100000000)
  eden space 65536K, 1% used [0x00000000f5580000,0x00000000f56c1348,0x00000000f9580000)
  from space 10752K, 0% used [0x00000000f9580000,0x00000000f9580000,0x00000000fa000000)
  to   space 11776K, 0% used [0x00000000fbc00000,0x00000000fbc00000,0x00000000fc780000)
 ParOldGen       total 175104K, used 15560K [0x00000000e0000000, 0x00000000eab00000, 0x00000000f5580000)
  object space 175104K, 8% used [0x00000000e0000000,0x00000000e0f32080,0x00000000eab00000)
 Metaspace       used 34624K, capacity 35548K, committed 35584K, reserved 1079296K
  class space    used 4605K, capacity 4849K, committed 4864K, reserved 1048576K
GC Heap History (10 events):
Event: 3.917 GC heap before
{Heap before GC invocations=3 (full 0):
 PSYoungGen      total 76288K, used 72627K [0x00000000f5580000, 0x00000000faa80000, 0x0000000100000000)
  eden space 65536K, 95% used [0x00000000f5580000,0x00000000f92e4ae8,0x00000000f9580000)
  from space 10752K, 90% used [0x00000000fa000000,0x00000000fa988240,0x00000000faa80000)
  to   space 10752K, 0% used [0x00000000f9580000,0x00000000f9580000,0x00000000fa000000)
 ParOldGen       total 175104K, used 24K [0x00000000e0000000, 0x00000000eab00000, 0x00000000f5580000)
  object space 175104K, 0% used [0x00000000e0000000,0x00000000e0006000,0x00000000eab00000)
 Metaspace       used 20600K, capacity 21174K, committed 21296K, reserved 1067008K
  class space    used 2932K, capacity 3139K, committed 3200K, reserved 1048576K
Event: 3.935 GC heap after
Heap after GC invocations=3 (full 0):
 PSYoungGen      total 76288K, used 10751K [0x00000000f5580000, 0x00000000faa80000, 0x0000000100000000)
  eden space 65536K, 0% used [0x00000000f5580000,0x00000000f5580000,0x00000000f9580000)
  from space 10752K, 99% used [0x00000000f9580000,0x00000000f9ffff30,0x00000000fa000000)
  to   space 10752K, 0% used [0x00000000fa000000,0x00000000fa000000,0x00000000faa80000)
 ParOldGen       total 175104K, used 577K [0x00000000e0000000, 0x00000000eab00000, 0x00000000f5580000)
  object space 175104K, 0% used [0x00000000e0000000,0x00000000e00907c0,0x00000000eab00000)
 Metaspace       used 20600K, capacity 21174K, committed 21296K, reserved 1067008K
  class space    used 2932K, capacity 3139K, committed 3200K, reserved 1048576K
}
Event: 3.935 GC heap before
{Heap before GC invocations=4 (full 1):
 PSYoungGen      total 76288K, used 10751K [0x00000000f5580000, 0x00000000faa80000, 0x0000000100000000)
  eden space 65536K, 0% used [0x00000000f5580000,0x00000000f5580000,0x00000000f9580000)
  from space 10752K, 99% used [0x00000000f9580000,0x00000000f9ffff30,0x00000000fa000000)
  to   space 10752K, 0% used [0x00000000fa000000,0x00000000fa000000,0x00000000faa80000)
 ParOldGen       total 175104K, used 577K [0x00000000e0000000, 0x00000000eab00000, 0x00000000f5580000)
  object space 175104K, 0% used [0x00000000e0000000,0x00000000e00907c0,0x00000000eab00000)
 Metaspace       used 20600K, capacity 21174K, committed 21296K, reserved 1067008K
  class space    used 2932K, capacity 3139K, committed 3200K, reserved 1048576K
Event: 3.983 GC heap after
Heap after GC invocations=4 (full 1):
 PSYoungGen      total 76288K, used 0K [0x00000000f5580000, 0x00000000faa80000, 0x0000000100000000)
  eden space 65536K, 0% used [0x00000000f5580000,0x00000000f5580000,0x00000000f9580000)
  from space 10752K, 0% used [0x00000000f9580000,0x00000000f9580000,0x00000000fa000000)
  to   space 10752K, 0% used [0x00000000fa000000,0x00000000fa000000,0x00000000faa80000)
 ParOldGen       total 175104K, used 10927K [0x00000000e0000000, 0x00000000eab00000, 0x00000000f5580000)
  object space 175104K, 6% used [0x00000000e0000000,0x00000000e0aabc30,0x00000000eab00000)
 Metaspace       used 20600K, capacity 21174K, committed 21296K, reserved 1067008K
  class space    used 2932K, capacity 3139K, committed 3200K, reserved 1048576K
}
Event: 4.969 GC heap before
{Heap before GC invocations=5 (full 1):
 PSYoungGen      total 76288K, used 65536K [0x00000000f5580000, 0x00000000faa80000, 0x0000000100000000)
  eden space 65536K, 100% used [0x00000000f5580000,0x00000000f9580000,0x00000000f9580000)
  from space 10752K, 0% used [0x00000000f9580000,0x00000000f9580000,0x00000000fa000000)
  to   space 10752K, 0% used [0x00000000fa000000,0x00000000fa000000,0x00000000faa80000)
 ParOldGen       total 175104K, used 10927K [0x00000000e0000000, 0x00000000eab00000, 0x00000000f5580000)
  object space 175104K, 6% used [0x00000000e0000000,0x00000000e0aabc30,0x00000000eab00000)
 Metaspace       used 28268K, capacity 28910K, committed 29184K, reserved 1075200K
  class space    used 3836K, capacity 4017K, committed 4096K, reserved 1048576K
Event: 4.976 GC heap after
Heap after GC invocations=5 (full 1):
 PSYoungGen      total 76288K, used 8292K [0x00000000f5580000, 0x00000000fc480000, 0x0000000100000000)
  eden space 65536K, 0% used [0x00000000f5580000,0x00000000f5580000,0x00000000f9580000)
  from space 10752K, 77% used [0x00000000fa000000,0x00000000fa819108,0x00000000faa80000)
  to   space 10752K, 0% used [0x00000000f9580000,0x00000000f9580000,0x00000000fa000000)
 ParOldGen       total 175104K, used 10935K [0x00000000e0000000, 0x00000000eab00000, 0x00000000f5580000)
  object space 175104K, 6% used [0x00000000e0000000,0x00000000e0aadc30,0x00000000eab00000)
 Metaspace       used 28268K, capacity 28910K, committed 29184K, reserved 1075200K
  class space    used 3836K, capacity 4017K, committed 4096K, reserved 1048576K
}
Event: 6.064 GC heap before
{Heap before GC invocations=6 (full 1):
 PSYoungGen      total 76288K, used 69237K [0x00000000f5580000, 0x00000000fc480000, 0x0000000100000000)
  eden space 65536K, 92% used [0x00000000f5580000,0x00000000f9104388,0x00000000f9580000)
  from space 10752K, 77% used [0x00000000fa000000,0x00000000fa819108,0x00000000faa80000)
  to   space 10752K, 0% used [0x00000000f9580000,0x00000000f9580000,0x00000000fa000000)
 ParOldGen       total 175104K, used 10935K [0x00000000e0000000, 0x00000000eab00000, 0x00000000f5580000)
  object space 175104K, 6% used [0x00000000e0000000,0x00000000e0aadc30,0x00000000eab00000)
 Metaspace       used 34612K, capacity 35400K, committed 35496K, reserved 1079296K
  class space    used 4601K, capacity 4821K, committed 4864K, reserved 1048576K
Event: 6.076 GC heap after
Heap after GC invocations=6 (full 1):
 PSYoungGen      total 76288K, used 8664K [0x00000000f5580000, 0x00000000fc780000, 0x0000000100000000)
  eden space 65536K, 0% used [0x00000000f5580000,0x00000000f5580000,0x00000000f9580000)
  from space 10752K, 80% used [0x00000000f9580000,0x00000000f9df63d0,0x00000000fa000000)
  to   space 11776K, 0% used [0x00000000fbc00000,0x00000000fbc00000,0x00000000fc780000)
 ParOldGen       total 175104K, used 10943K [0x00000000e0000000, 0x00000000eab00000, 0x00000000f5580000)
  object space 175104K, 6% used [0x00000000e0000000,0x00000000e0aafc30,0x00000000eab00000)
 Metaspace       used 34612K, capacity 35400K, committed 35496K, reserved 1079296K
  class space    used 4601K, capacity 4821K, committed 4864K, reserved 1048576K
}
Event: 6.076 GC heap before
{Heap before GC invocations=7 (full 2):
 PSYoungGen      total 76288K, used 8664K [0x00000000f5580000, 0x00000000fc780000, 0x0000000100000000)
  eden space 65536K, 0% used [0x00000000f5580000,0x00000000f5580000,0x00000000f9580000)
  from space 10752K, 80% used [0x00000000f9580000,0x00000000f9df63d0,0x00000000fa000000)
  to   space 11776K, 0% used [0x00000000fbc00000,0x00000000fbc00000,0x00000000fc780000)
 ParOldGen       total 175104K, used 10943K [0x00000000e0000000, 0x00000000eab00000, 0x00000000f5580000)
  object space 175104K, 6% used [0x00000000e0000000,0x00000000e0aafc30,0x00000000eab00000)
 Metaspace       used 34612K, capacity 35400K, committed 35496K, reserved 1079296K
  class space    used 4601K, capacity 4821K, committed 4864K, reserved 1048576K
Event: 6.163 GC heap after
Heap after GC invocations=7 (full 2):
 PSYoungGen      total 76288K, used 0K [0x00000000f5580000, 0x00000000fc780000, 0x0000000100000000)
  eden space 65536K, 0% used [0x00000000f5580000,0x00000000f5580000,0x00000000f9580000)
  from space 10752K, 0% used [0x00000000f9580000,0x00000000f9580000,0x00000000fa000000)
  to   space 11776K, 0% used [0x00000000fbc00000,0x00000000fbc00000,0x00000000fc780000)
 ParOldGen       total 175104K, used 15560K [0x00000000e0000000, 0x00000000eab00000, 0x00000000f5580000)
  object space 175104K, 8% used [0x00000000e0000000,0x00000000e0f32080,0x00000000eab00000)
 Metaspace       used 34600K, capacity 35388K, committed 35496K, reserved 1079296K
  class space    used 4597K, capacity 4817K, committed 4864K, reserved 1048576K
}

