# JRE version: Java(TM) SE Runtime Environment (8.0_121-b13) (build 1.8.0_121-b13)
# Java VM: Java HotSpot(TM) 64-Bit Server VM (25.121-b13 mixed mode windows-amd64 compressed oops)
Heap:
 PSYoungGen      total 220672K, used 11447K [0x00000000eab00000, 0x00000000fd900000, 0x0000000100000000)
  eden space 209408K, 5% used [0x00000000eab00000,0x00000000eb62df80,0x00000000f7780000)
  from space 11264K, 0% used [0x00000000f7780000,0x00000000f7780000,0x00000000f8280000)
  to   space 12288K, 0% used [0x00000000fcd00000,0x00000000fcd00000,0x00000000fd900000)
 ParOldGen       total 52736K, used 15990K [0x00000000c0000000, 0x00000000c3380000, 0x00000000eab00000)
  object space 52736K, 30% used [0x00000000c0000000,0x00000000c0f9d9d8,0x00000000c3380000)
 Metaspace       used 34161K, capacity 35962K, committed 36136K, reserved 1081344K
  class space    used 4353K, capacity 4677K, committed 4736K, reserved 1048576K
GC Heap History (10 events):
Event: 3.224 GC heap before
{Heap before GC invocations=7 (full 1):
 PSYoungGen      total 134656K, used 6406K [0x00000000eab00000, 0x00000000f3700000, 0x0000000100000000)
  eden space 126976K, 0% used [0x00000000eab00000,0x00000000eab00000,0x00000000f2700000)
  from space 7680K, 83% used [0x00000000f2f80000,0x00000000f35c1878,0x00000000f3700000)
  to   space 8192K, 0% used [0x00000000f2700000,0x00000000f2700000,0x00000000f2f00000)
 ParOldGen       total 84992K, used 6941K [0x00000000c0000000, 0x00000000c5300000, 0x00000000eab00000)
  object space 84992K, 8% used [0x00000000c0000000,0x00000000c06c7498,0x00000000c5300000)
 Metaspace       used 20455K, capacity 21150K, committed 21296K, reserved 1069056K
  class space    used 2471K, capacity 2647K, committed 2688K, reserved 1048576K
Event: 3.257 GC heap after
Heap after GC invocations=7 (full 1):
 PSYoungGen      total 134656K, used 0K [0x00000000eab00000, 0x00000000f3700000, 0x0000000100000000)
  eden space 126976K, 0% used [0x00000000eab00000,0x00000000eab00000,0x00000000f2700000)
  from space 7680K, 0% used [0x00000000f2f80000,0x00000000f2f80000,0x00000000f3700000)
  to   space 8192K, 0% used [0x00000000f2700000,0x00000000f2700000,0x00000000f2f00000)
 ParOldGen       total 52736K, used 8417K [0x00000000c0000000, 0x00000000c3380000, 0x00000000eab00000)
  object space 52736K, 15% used [0x00000000c0000000,0x00000000c0838588,0x00000000c3380000)
 Metaspace       used 20453K, capacity 21144K, committed 21296K, reserved 1069056K
  class space    used 2470K, capacity 2646K, committed 2688K, reserved 1048576K
}
Event: 3.366 GC heap before
{Heap before GC invocations=8 (full 1):
 PSYoungGen      total 134656K, used 126976K [0x00000000eab00000, 0x00000000f3700000, 0x0000000100000000)
  eden space 126976K, 100% used [0x00000000eab00000,0x00000000f2700000,0x00000000f2700000)
  from space 7680K, 0% used [0x00000000f2f80000,0x00000000f2f80000,0x00000000f3700000)
  to   space 8192K, 0% used [0x00000000f2700000,0x00000000f2700000,0x00000000f2f00000)
 ParOldGen       total 52736K, used 8417K [0x00000000c0000000, 0x00000000c3380000, 0x00000000eab00000)
  object space 52736K, 15% used [0x00000000c0000000,0x00000000c0838588,0x00000000c3380000)
 Metaspace       used 20661K, capacity 21426K, committed 21552K, reserved 1069056K
  class space    used 2516K, capacity 2687K, committed 2688K, reserved 1048576K
Event: 3.367 GC heap after
Heap after GC invocations=8 (full 1):
 PSYoungGen      total 135168K, used 945K [0x00000000eab00000, 0x00000000f8d80000, 0x0000000100000000)
  eden space 126976K, 0% used [0x00000000eab00000,0x00000000eab00000,0x00000000f2700000)
  from space 8192K, 11% used [0x00000000f2700000,0x00000000f27ec500,0x00000000f2f00000)
  to   space 9216K, 0% used [0x00000000f8480000,0x00000000f8480000,0x00000000f8d80000)
 ParOldGen       total 52736K, used 8425K [0x00000000c0000000, 0x00000000c3380000, 0x00000000eab00000)
  object space 52736K, 15% used [0x00000000c0000000,0x00000000c083a588,0x00000000c3380000)
 Metaspace       used 20661K, capacity 21426K, committed 21552K, reserved 1069056K
  class space    used 2516K, capacity 2687K, committed 2688K, reserved 1048576K
}
Event: 4.838 GC heap before
{Heap before GC invocations=9 (full 1):
 PSYoungGen      total 135168K, used 127921K [0x00000000eab00000, 0x00000000f8d80000, 0x0000000100000000)
  eden space 126976K, 100% used [0x00000000eab00000,0x00000000f2700000,0x00000000f2700000)
  from space 8192K, 11% used [0x00000000f2700000,0x00000000f27ec500,0x00000000f2f00000)
  to   space 9216K, 0% used [0x00000000f8480000,0x00000000f8480000,0x00000000f8d80000)
 ParOldGen       total 52736K, used 8425K [0x00000000c0000000, 0x00000000c3380000, 0x00000000eab00000)
  object space 52736K, 15% used [0x00000000c0000000,0x00000000c083a588,0x00000000c3380000)
 Metaspace       used 29230K, capacity 30494K, committed 30592K, reserved 1075200K
  class space    used 3700K, capacity 3943K, committed 3968K, reserved 1048576K
Event: 4.849 GC heap after
Heap after GC invocations=9 (full 1):
 PSYoungGen      total 217600K, used 9202K [0x00000000eab00000, 0x00000000f8d80000, 0x0000000100000000)
  eden space 208384K, 0% used [0x00000000eab00000,0x00000000eab00000,0x00000000f7680000)
  from space 9216K, 99% used [0x00000000f8480000,0x00000000f8d7c900,0x00000000f8d80000)
  to   space 11264K, 0% used [0x00000000f7780000,0x00000000f7780000,0x00000000f8280000)
 ParOldGen       total 52736K, used 10178K [0x00000000c0000000, 0x00000000c3380000, 0x00000000eab00000)
  object space 52736K, 19% used [0x00000000c0000000,0x00000000c09f0a38,0x00000000c3380000)
 Metaspace       used 29230K, capacity 30494K, committed 30592K, reserved 1075200K
  class space    used 3700K, capacity 3943K, committed 3968K, reserved 1048576K
}
Event: 6.500 GC heap before
{Heap before GC invocations=10 (full 1):
 PSYoungGen      total 217600K, used 99709K [0x00000000eab00000, 0x00000000f8d80000, 0x0000000100000000)
  eden space 208384K, 43% used [0x00000000eab00000,0x00000000f0362b88,0x00000000f7680000)
  from space 9216K, 99% used [0x00000000f8480000,0x00000000f8d7c900,0x00000000f8d80000)
  to   space 11264K, 0% used [0x00000000f7780000,0x00000000f7780000,0x00000000f8280000)
 ParOldGen       total 52736K, used 10178K [0x00000000c0000000, 0x00000000c3380000, 0x00000000eab00000)
  object space 52736K, 19% used [0x00000000c0000000,0x00000000c09f0a38,0x00000000c3380000)
 Metaspace       used 33617K, capacity 35386K, committed 35496K, reserved 1081344K
  class space    used 4233K, capacity 4563K, committed 4608K, reserved 1048576K
Event: 6.515 GC heap after
Heap after GC invocations=10 (full 1):
 PSYoungGen      total 220672K, used 9692K [0x00000000eab00000, 0x00000000fd900000, 0x0000000100000000)
  eden space 209408K, 0% used [0x00000000eab00000,0x00000000eab00000,0x00000000f7780000)
  from space 11264K, 86% used [0x00000000f7780000,0x00000000f80f7000,0x00000000f8280000)
  to   space 12288K, 0% used [0x00000000fcd00000,0x00000000fcd00000,0x00000000fd900000)
 ParOldGen       total 52736K, used 10186K [0x00000000c0000000, 0x00000000c3380000, 0x00000000eab00000)
  object space 52736K, 19% used [0x00000000c0000000,0x00000000c09f2a38,0x00000000c3380000)
 Metaspace       used 33617K, capacity 35386K, committed 35496K, reserved 1081344K
  class space    used 4233K, capacity 4563K, committed 4608K, reserved 1048576K
}
Event: 6.515 GC heap before
{Heap before GC invocations=11 (full 2):
 PSYoungGen      total 220672K, used 9692K [0x00000000eab00000, 0x00000000fd900000, 0x0000000100000000)
  eden space 209408K, 0% used [0x00000000eab00000,0x00000000eab00000,0x00000000f7780000)
  from space 11264K, 86% used [0x00000000f7780000,0x00000000f80f7000,0x00000000f8280000)
  to   space 12288K, 0% used [0x00000000fcd00000,0x00000000fcd00000,0x00000000fd900000)
 ParOldGen       total 52736K, used 10186K [0x00000000c0000000, 0x00000000c3380000, 0x00000000eab00000)
  object space 52736K, 19% used [0x00000000c0000000,0x00000000c09f2a38,0x00000000c3380000)
 Metaspace       used 33617K, capacity 35386K, committed 35496K, reserved 1081344K
  class space    used 4233K, capacity 4563K, committed 4608K, reserved 1048576K
Event: 6.591 GC heap after
Heap after GC invocations=11 (full 2):
 PSYoungGen      total 220672K, used 0K [0x00000000eab00000, 0x00000000fd900000, 0x0000000100000000)
  eden space 209408K, 0% used [0x00000000eab00000,0x00000000eab00000,0x00000000f7780000)
  from space 11264K, 0% used [0x00000000f7780000,0x00000000f7780000,0x00000000f8280000)
  to   space 12288K, 0% used [0x00000000fcd00000,0x00000000fcd00000,0x00000000fd900000)
 ParOldGen       total 52736K, used 15990K [0x00000000c0000000, 0x00000000c3380000, 0x00000000eab00000)
  object space 52736K, 30% used [0x00000000c0000000,0x00000000c0f9d9d8,0x00000000c3380000)
 Metaspace       used 33617K, capacity 35386K, committed 35496K, reserved 1081344K
  class space    used 4233K, capacity 4563K, committed 4608K, reserved 1048576K
}

