# JRE version: Java(TM) SE Runtime Environment (8.0_121-b13) (build 1.8.0_121-b13)
# Java VM: Java HotSpot(TM) 64-Bit Server VM (25.121-b13 mixed mode windows-amd64 compressed oops)
Heap:
 PSYoungGen      total 68608K, used 18873K [0x000000076ab00000, 0x000000076f300000, 0x00000007c0000000)
  eden space 63488K, 21% used [0x000000076ab00000,0x000000076b875a38,0x000000076e900000)
  from space 5120K, 99% used [0x000000076e900000,0x000000076edf8db8,0x000000076ee00000)
  to   space 5120K, 0% used [0x000000076ee00000,0x000000076ee00000,0x000000076f300000)
 ParOldGen       total 84992K, used 7076K [0x00000006c0000000, 0x00000006c5300000, 0x000000076ab00000)
  object space 84992K, 8% used [0x00000006c0000000,0x00000006c06e92f0,0x00000006c5300000)
 Metaspace       used 20004K, capacity 20772K, committed 21120K, reserved 1067008K
  class space    used 2421K, capacity 2582K, committed 2688K, reserved 1048576K
GC Heap History (10 events):
Event: 0.821 GC heap before
{Heap before GC invocations=1 (full 0):
 PSYoungGen      total 36864K, used 31744K [0x000000076ab00000, 0x000000076d400000, 0x00000007c0000000)
  eden space 31744K, 100% used [0x000000076ab00000,0x000000076ca00000,0x000000076ca00000)
  from space 5120K, 0% used [0x000000076cf00000,0x000000076cf00000,0x000000076d400000)
  to   space 5120K, 0% used [0x000000076ca00000,0x000000076ca00000,0x000000076cf00000)
 ParOldGen       total 84992K, used 0K [0x00000006c0000000, 0x00000006c5300000, 0x000000076ab00000)
  object space 84992K, 0% used [0x00000006c0000000,0x00000006c0000000,0x00000006c5300000)
 Metaspace       used 9264K, capacity 9482K, committed 9728K, reserved 1058816K
  class space    used 1070K, capacity 1157K, committed 1280K, reserved 1048576K
Event: 0.825 GC heap after
Heap after GC invocations=1 (full 0):
 PSYoungGen      total 36864K, used 4507K [0x000000076ab00000, 0x000000076d400000, 0x00000007c0000000)
  eden space 31744K, 0% used [0x000000076ab00000,0x000000076ab00000,0x000000076ca00000)
  from space 5120K, 88% used [0x000000076ca00000,0x000000076ce66ed8,0x000000076cf00000)
  to   space 5120K, 0% used [0x000000076cf00000,0x000000076cf00000,0x000000076d400000)
 ParOldGen       total 84992K, used 16K [0x00000006c0000000, 0x00000006c5300000, 0x000000076ab00000)
  object space 84992K, 0% used [0x00000006c0000000,0x00000006c0004000,0x00000006c5300000)
 Metaspace       used 9264K, capacity 9482K, committed 9728K, reserved 1058816K
  class space    used 1070K, capacity 1157K, committed 1280K, reserved 1048576K
}
Event: 1.059 GC heap before
{Heap before GC invocations=2 (full 0):
 PSYoungGen      total 36864K, used 36251K [0x000000076ab00000, 0x000000076d400000, 0x00000007c0000000)
  eden space 31744K, 100% used [0x000000076ab00000,0x000000076ca00000,0x000000076ca00000)
  from space 5120K, 88% used [0x000000076ca00000,0x000000076ce66ed8,0x000000076cf00000)
  to   space 5120K, 0% used [0x000000076cf00000,0x000000076cf00000,0x000000076d400000)
 ParOldGen       total 84992K, used 16K [0x00000006c0000000, 0x00000006c5300000, 0x000000076ab00000)
  object space 84992K, 0% used [0x00000006c0000000,0x00000006c0004000,0x00000006c5300000)
 Metaspace       used 13762K, capacity 14158K, committed 14336K, reserved 1062912K
  class space    used 1619K, capacity 1733K, committed 1792K, reserved 1048576K
Event: 1.065 GC heap after
Heap after GC invocations=2 (full 0):
 PSYoungGen      total 36864K, used 5114K [0x000000076ab00000, 0x000000076f300000, 0x00000007c0000000)
  eden space 31744K, 0% used [0x000000076ab00000,0x000000076ab00000,0x000000076ca00000)
  from space 5120K, 99% used [0x000000076cf00000,0x000000076d3fe898,0x000000076d400000)
  to   space 5120K, 0% used [0x000000076ca00000,0x000000076ca00000,0x000000076cf00000)
 ParOldGen       total 84992K, used 1510K [0x00000006c0000000, 0x00000006c5300000, 0x000000076ab00000)
  object space 84992K, 1% used [0x00000006c0000000,0x00000006c0179958,0x00000006c5300000)
 Metaspace       used 13762K, capacity 14158K, committed 14336K, reserved 1062912K
  class space    used 1619K, capacity 1733K, committed 1792K, reserved 1048576K
}
Event: 1.386 GC heap before
{Heap before GC invocations=3 (full 0):
 PSYoungGen      total 36864K, used 36858K [0x000000076ab00000, 0x000000076f300000, 0x00000007c0000000)
  eden space 31744K, 100% used [0x000000076ab00000,0x000000076ca00000,0x000000076ca00000)
  from space 5120K, 99% used [0x000000076cf00000,0x000000076d3fe898,0x000000076d400000)
  to   space 5120K, 0% used [0x000000076ca00000,0x000000076ca00000,0x000000076cf00000)
 ParOldGen       total 84992K, used 1510K [0x00000006c0000000, 0x00000006c5300000, 0x000000076ab00000)
  object space 84992K, 1% used [0x00000006c0000000,0x00000006c0179958,0x00000006c5300000)
 Metaspace       used 17142K, capacity 17710K, committed 17920K, reserved 1064960K
  class space    used 2120K, capacity 2259K, committed 2304K, reserved 1048576K
Event: 1.394 GC heap after
Heap after GC invocations=3 (full 0):
 PSYoungGen      total 36864K, used 5088K [0x000000076ab00000, 0x000000076f300000, 0x00000007c0000000)
  eden space 31744K, 0% used [0x000000076ab00000,0x000000076ab00000,0x000000076ca00000)
  from space 5120K, 99% used [0x000000076ca00000,0x000000076cef8160,0x000000076cf00000)
  to   space 5120K, 0% used [0x000000076ee00000,0x000000076ee00000,0x000000076f300000)
 ParOldGen       total 84992K, used 2960K [0x00000006c0000000, 0x00000006c5300000, 0x000000076ab00000)
  object space 84992K, 3% used [0x00000006c0000000,0x00000006c02e4260,0x00000006c5300000)
 Metaspace       used 17142K, capacity 17710K, committed 17920K, reserved 1064960K
  class space    used 2120K, capacity 2259K, committed 2304K, reserved 1048576K
}
Event: 1.686 GC heap before
{Heap before GC invocations=4 (full 0):
 PSYoungGen      total 36864K, used 36820K [0x000000076ab00000, 0x000000076f300000, 0x00000007c0000000)
  eden space 31744K, 99% used [0x000000076ab00000,0x000000076c9fd030,0x000000076ca00000)
  from space 5120K, 99% used [0x000000076ca00000,0x000000076cef8160,0x000000076cf00000)
  to   space 5120K, 0% used [0x000000076ee00000,0x000000076ee00000,0x000000076f300000)
 ParOldGen       total 84992K, used 2960K [0x00000006c0000000, 0x00000006c5300000, 0x000000076ab00000)
  object space 84992K, 3% used [0x00000006c0000000,0x00000006c02e4260,0x00000006c5300000)
 Metaspace       used 18639K, capacity 19294K, committed 19456K, reserved 1067008K
  class space    used 2284K, capacity 2449K, committed 2560K, reserved 1048576K
Event: 1.694 GC heap after
Heap after GC invocations=4 (full 0):
 PSYoungGen      total 68608K, used 5096K [0x000000076ab00000, 0x000000076f300000, 0x00000007c0000000)
  eden space 63488K, 0% used [0x000000076ab00000,0x000000076ab00000,0x000000076e900000)
  from space 5120K, 99% used [0x000000076ee00000,0x000000076f2fa2d0,0x000000076f300000)
  to   space 5120K, 0% used [0x000000076e900000,0x000000076e900000,0x000000076ee00000)
 ParOldGen       total 84992K, used 5105K [0x00000006c0000000, 0x00000006c5300000, 0x000000076ab00000)
  object space 84992K, 6% used [0x00000006c0000000,0x00000006c04fc5d0,0x00000006c5300000)
 Metaspace       used 18639K, capacity 19294K, committed 19456K, reserved 1067008K
  class space    used 2284K, capacity 2449K, committed 2560K, reserved 1048576K
}
Event: 1.925 GC heap before
{Heap before GC invocations=5 (full 0):
 PSYoungGen      total 68608K, used 68584K [0x000000076ab00000, 0x000000076f300000, 0x00000007c0000000)
  eden space 63488K, 100% used [0x000000076ab00000,0x000000076e900000,0x000000076e900000)
  from space 5120K, 99% used [0x000000076ee00000,0x000000076f2fa2d0,0x000000076f300000)
  to   space 5120K, 0% used [0x000000076e900000,0x000000076e900000,0x000000076ee00000)
 ParOldGen       total 84992K, used 5105K [0x00000006c0000000, 0x00000006c5300000, 0x000000076ab00000)
  object space 84992K, 6% used [0x00000006c0000000,0x00000006c04fc5d0,0x00000006c5300000)
 Metaspace       used 19776K, capacity 20476K, committed 20608K, reserved 1067008K
  class space    used 2402K, capacity 2576K, committed 2688K, reserved 1048576K
Event: 1.932 GC heap after
Heap after GC invocations=5 (full 0):
 PSYoungGen      total 68608K, used 5091K [0x000000076ab00000, 0x000000076f300000, 0x00000007c0000000)
  eden space 63488K, 0% used [0x000000076ab00000,0x000000076ab00000,0x000000076e900000)
  from space 5120K, 99% used [0x000000076e900000,0x000000076edf8db8,0x000000076ee00000)
  to   space 5120K, 0% used [0x000000076ee00000,0x000000076ee00000,0x000000076f300000)
 ParOldGen       total 84992K, used 7076K [0x00000006c0000000, 0x00000006c5300000, 0x000000076ab00000)
  object space 84992K, 8% used [0x00000006c0000000,0x00000006c06e92f0,0x00000006c5300000)
 Metaspace       used 19776K, capacity 20476K, committed 20608K, reserved 1067008K
  class space    used 2402K, capacity 2576K, committed 2688K, reserved 1048576K
}

