# JRE version: Java(TM) SE Runtime Environment (8.0_121-b13) (build 1.8.0_121-b13)
# Java VM: Java HotSpot(TM) 64-Bit Server VM (25.121-b13 mixed mode windows-amd64 compressed oops)
Heap:
 PSYoungGen      total 161792K, used 13586K [0x00000000f5580000, 0x0000000100000000, 0x0000000100000000)
  eden space 151040K, 8% used [0x00000000f5580000,0x00000000f62c4a60,0x00000000fe900000)
  from space 10752K, 0% used [0x00000000ff580000,0x00000000ff580000,0x0000000100000000)
  to   space 11776K, 0% used [0x00000000fe900000,0x00000000fe900000,0x00000000ff480000)
 ParOldGen       total 64512K, used 16494K [0x00000000e0000000, 0x00000000e3f00000, 0x00000000f5580000)
  object space 64512K, 25% used [0x00000000e0000000,0x00000000e101bb90,0x00000000e3f00000)
 Metaspace       used 34640K, capacity 36520K, committed 36648K, reserved 1081344K
  class space    used 4369K, capacity 4680K, committed 4736K, reserved 1048576K
GC Heap History (10 events):
Event: 6.395 GC heap before
{Heap before GC invocations=8 (full 1):
 PSYoungGen      total 71680K, used 4730K [0x00000000f5580000, 0x00000000fe180000, 0x0000000100000000)
  eden space 62976K, 0% used [0x00000000f5580000,0x00000000f5580000,0x00000000f9300000)
  from space 8704K, 54% used [0x00000000f9300000,0x00000000f979eac8,0x00000000f9b80000)
  to   space 8704K, 0% used [0x00000000fd900000,0x00000000fd900000,0x00000000fe180000)
 ParOldGen       total 84992K, used 7325K [0x00000000e0000000, 0x00000000e5300000, 0x00000000f5580000)
  object space 84992K, 8% used [0x00000000e0000000,0x00000000e0727680,0x00000000e5300000)
 Metaspace       used 20390K, capacity 21130K, committed 21296K, reserved 1069056K
  class space    used 2439K, capacity 2615K, committed 2688K, reserved 1048576K
Event: 6.433 GC heap after
Heap after GC invocations=8 (full 1):
 PSYoungGen      total 71680K, used 0K [0x00000000f5580000, 0x00000000fe180000, 0x0000000100000000)
  eden space 62976K, 0% used [0x00000000f5580000,0x00000000f5580000,0x00000000f9300000)
  from space 8704K, 0% used [0x00000000f9300000,0x00000000f9300000,0x00000000f9b80000)
  to   space 8704K, 0% used [0x00000000fd900000,0x00000000fd900000,0x00000000fe180000)
 ParOldGen       total 46080K, used 8083K [0x00000000e0000000, 0x00000000e2d00000, 0x00000000f5580000)
  object space 46080K, 17% used [0x00000000e0000000,0x00000000e07e4d78,0x00000000e2d00000)
 Metaspace       used 20388K, capacity 21124K, committed 21296K, reserved 1069056K
  class space    used 2438K, capacity 2614K, committed 2688K, reserved 1048576K
}
Event: 6.560 GC heap before
{Heap before GC invocations=9 (full 1):
 PSYoungGen      total 71680K, used 62976K [0x00000000f5580000, 0x00000000fe180000, 0x0000000100000000)
  eden space 62976K, 100% used [0x00000000f5580000,0x00000000f9300000,0x00000000f9300000)
  from space 8704K, 0% used [0x00000000f9300000,0x00000000f9300000,0x00000000f9b80000)
  to   space 8704K, 0% used [0x00000000fd900000,0x00000000fd900000,0x00000000fe180000)
 ParOldGen       total 46080K, used 8083K [0x00000000e0000000, 0x00000000e2d00000, 0x00000000f5580000)
  object space 46080K, 17% used [0x00000000e0000000,0x00000000e07e4d78,0x00000000e2d00000)
 Metaspace       used 20857K, capacity 21622K, committed 21808K, reserved 1069056K
  class space    used 2510K, capacity 2687K, committed 2688K, reserved 1048576K
Event: 6.561 GC heap after
Heap after GC invocations=9 (full 1):
 PSYoungGen      total 121344K, used 969K [0x00000000f5580000, 0x00000000fdb80000, 0x0000000100000000)
  eden space 118784K, 0% used [0x00000000f5580000,0x00000000f5580000,0x00000000fc980000)
  from space 2560K, 37% used [0x00000000fd900000,0x00000000fd9f2760,0x00000000fdb80000)
  to   space 9216K, 0% used [0x00000000fc980000,0x00000000fc980000,0x00000000fd280000)
 ParOldGen       total 46080K, used 8091K [0x00000000e0000000, 0x00000000e2d00000, 0x00000000f5580000)
  object space 46080K, 17% used [0x00000000e0000000,0x00000000e07e6d78,0x00000000e2d00000)
 Metaspace       used 20857K, capacity 21622K, committed 21808K, reserved 1069056K
  class space    used 2510K, capacity 2687K, committed 2688K, reserved 1048576K
}
Event: 8.794 GC heap before
{Heap before GC invocations=10 (full 1):
 PSYoungGen      total 121344K, used 119753K [0x00000000f5580000, 0x00000000fdb80000, 0x0000000100000000)
  eden space 118784K, 100% used [0x00000000f5580000,0x00000000fc980000,0x00000000fc980000)
  from space 2560K, 37% used [0x00000000fd900000,0x00000000fd9f2760,0x00000000fdb80000)
  to   space 9216K, 0% used [0x00000000fc980000,0x00000000fc980000,0x00000000fd280000)
 ParOldGen       total 46080K, used 8091K [0x00000000e0000000, 0x00000000e2d00000, 0x00000000f5580000)
  object space 46080K, 17% used [0x00000000e0000000,0x00000000e07e6d78,0x00000000e2d00000)
 Metaspace       used 28261K, capacity 29452K, committed 29696K, reserved 1075200K
  class space    used 3515K, capacity 3750K, committed 3840K, reserved 1048576K
Event: 8.811 GC heap after
Heap after GC invocations=10 (full 1):
 PSYoungGen      total 128000K, used 9208K [0x00000000f5580000, 0x0000000100000000, 0x0000000100000000)
  eden space 118784K, 0% used [0x00000000f5580000,0x00000000f5580000,0x00000000fc980000)
  from space 9216K, 99% used [0x00000000fc980000,0x00000000fd27e020,0x00000000fd280000)
  to   space 10752K, 0% used [0x00000000ff580000,0x00000000ff580000,0x0000000100000000)
 ParOldGen       total 46080K, used 8265K [0x00000000e0000000, 0x00000000e2d00000, 0x00000000f5580000)
  object space 46080K, 17% used [0x00000000e0000000,0x00000000e0812568,0x00000000e2d00000)
 Metaspace       used 28261K, capacity 29452K, committed 29696K, reserved 1075200K
  class space    used 3515K, capacity 3750K, committed 3840K, reserved 1048576K
}
Event: 11.553 GC heap before
{Heap before GC invocations=11 (full 1):
 PSYoungGen      total 128000K, used 108734K [0x00000000f5580000, 0x0000000100000000, 0x0000000100000000)
  eden space 118784K, 83% used [0x00000000f5580000,0x00000000fb6b19f8,0x00000000fc980000)
  from space 9216K, 99% used [0x00000000fc980000,0x00000000fd27e020,0x00000000fd280000)
  to   space 10752K, 0% used [0x00000000ff580000,0x00000000ff580000,0x0000000100000000)
 ParOldGen       total 46080K, used 8265K [0x00000000e0000000, 0x00000000e2d00000, 0x00000000f5580000)
  object space 46080K, 17% used [0x00000000e0000000,0x00000000e0812568,0x00000000e2d00000)
 Metaspace       used 33560K, capacity 35318K, committed 35496K, reserved 1081344K
  class space    used 4211K, capacity 4531K, committed 4608K, reserved 1048576K
Event: 11.564 GC heap after
Heap after GC invocations=11 (full 1):
 PSYoungGen      total 161792K, used 9897K [0x00000000f5580000, 0x0000000100000000, 0x0000000100000000)
  eden space 151040K, 0% used [0x00000000f5580000,0x00000000f5580000,0x00000000fe900000)
  from space 10752K, 92% used [0x00000000ff580000,0x00000000fff2a748,0x0000000100000000)
  to   space 11776K, 0% used [0x00000000fe900000,0x00000000fe900000,0x00000000ff480000)
 ParOldGen       total 46080K, used 8593K [0x00000000e0000000, 0x00000000e2d00000, 0x00000000f5580000)
  object space 46080K, 18% used [0x00000000e0000000,0x00000000e0864568,0x00000000e2d00000)
 Metaspace       used 33560K, capacity 35318K, committed 35496K, reserved 1081344K
  class space    used 4211K, capacity 4531K, committed 4608K, reserved 1048576K
}
Event: 11.564 GC heap before
{Heap before GC invocations=12 (full 2):
 PSYoungGen      total 161792K, used 9897K [0x00000000f5580000, 0x0000000100000000, 0x0000000100000000)
  eden space 151040K, 0% used [0x00000000f5580000,0x00000000f5580000,0x00000000fe900000)
  from space 10752K, 92% used [0x00000000ff580000,0x00000000fff2a748,0x0000000100000000)
  to   space 11776K, 0% used [0x00000000fe900000,0x00000000fe900000,0x00000000ff480000)
 ParOldGen       total 46080K, used 8593K [0x00000000e0000000, 0x00000000e2d00000, 0x00000000f5580000)
  object space 46080K, 18% used [0x00000000e0000000,0x00000000e0864568,0x00000000e2d00000)
 Metaspace       used 33560K, capacity 35318K, committed 35496K, reserved 1081344K
  class space    used 4211K, capacity 4531K, committed 4608K, reserved 1048576K
Event: 11.647 GC heap after
Heap after GC invocations=12 (full 2):
 PSYoungGen      total 161792K, used 0K [0x00000000f5580000, 0x0000000100000000, 0x0000000100000000)
  eden space 151040K, 0% used [0x00000000f5580000,0x00000000f5580000,0x00000000fe900000)
  from space 10752K, 0% used [0x00000000ff580000,0x00000000ff580000,0x0000000100000000)
  to   space 11776K, 0% used [0x00000000fe900000,0x00000000fe900000,0x00000000ff480000)
 ParOldGen       total 64512K, used 16494K [0x00000000e0000000, 0x00000000e3f00000, 0x00000000f5580000)
  object space 64512K, 25% used [0x00000000e0000000,0x00000000e101bb90,0x00000000e3f00000)
 Metaspace       used 33560K, capacity 35318K, committed 35496K, reserved 1081344K
  class space    used 4211K, capacity 4531K, committed 4608K, reserved 1048576K
}

