# JRE version: Java(TM) SE Runtime Environment (8.0_121-b13) (build 1.8.0_121-b13)
# Java VM: Java HotSpot(TM) 64-Bit Server VM (25.121-b13 mixed mode windows-amd64 compressed oops)
Heap:
 PSYoungGen      total 76288K, used 6507K [0x00000000f5580000, 0x00000000fc880000, 0x0000000100000000)
  eden space 65536K, 9% used [0x00000000f5580000,0x00000000f5bdad58,0x00000000f9580000)
  from space 10752K, 0% used [0x00000000f9580000,0x00000000f9580000,0x00000000fa000000)
  to   space 12288K, 0% used [0x00000000fbc80000,0x00000000fbc80000,0x00000000fc880000)
 ParOldGen       total 202240K, used 15788K [0x00000000e0000000, 0x00000000ec580000, 0x00000000f5580000)
  object space 202240K, 7% used [0x00000000e0000000,0x00000000e0f6b1f0,0x00000000ec580000)
 Metaspace       used 35016K, capacity 35848K, committed 35968K, reserved 1081344K
  class space    used 4674K, capacity 4895K, committed 4992K, reserved 1048576K
GC Heap History (10 events):
Event: 5.036 GC heap before
{Heap before GC invocations=3 (full 0):
 PSYoungGen      total 76288K, used 72854K [0x00000000f5580000, 0x00000000faa80000, 0x0000000100000000)
  eden space 65536K, 96% used [0x00000000f5580000,0x00000000f9321c70,0x00000000f9580000)
  from space 10752K, 90% used [0x00000000fa000000,0x00000000fa983e90,0x00000000faa80000)
  to   space 10752K, 0% used [0x00000000f9580000,0x00000000f9580000,0x00000000fa000000)
 ParOldGen       total 175104K, used 24K [0x00000000e0000000, 0x00000000eab00000, 0x00000000f5580000)
  object space 175104K, 0% used [0x00000000e0000000,0x00000000e0006000,0x00000000eab00000)
 Metaspace       used 20589K, capacity 21174K, committed 21296K, reserved 1067008K
  class space    used 2933K, capacity 3139K, committed 3200K, reserved 1048576K
Event: 5.049 GC heap after
Heap after GC invocations=3 (full 0):
 PSYoungGen      total 76288K, used 10748K [0x00000000f5580000, 0x00000000faa80000, 0x0000000100000000)
  eden space 65536K, 0% used [0x00000000f5580000,0x00000000f5580000,0x00000000f9580000)
  from space 10752K, 99% used [0x00000000f9580000,0x00000000f9fff250,0x00000000fa000000)
  to   space 10752K, 0% used [0x00000000fa000000,0x00000000fa000000,0x00000000faa80000)
 ParOldGen       total 175104K, used 625K [0x00000000e0000000, 0x00000000eab00000, 0x00000000f5580000)
  object space 175104K, 0% used [0x00000000e0000000,0x00000000e009c760,0x00000000eab00000)
 Metaspace       used 20589K, capacity 21174K, committed 21296K, reserved 1067008K
  class space    used 2933K, capacity 3139K, committed 3200K, reserved 1048576K
}
Event: 5.049 GC heap before
{Heap before GC invocations=4 (full 1):
 PSYoungGen      total 76288K, used 10748K [0x00000000f5580000, 0x00000000faa80000, 0x0000000100000000)
  eden space 65536K, 0% used [0x00000000f5580000,0x00000000f5580000,0x00000000f9580000)
  from space 10752K, 99% used [0x00000000f9580000,0x00000000f9fff250,0x00000000fa000000)
  to   space 10752K, 0% used [0x00000000fa000000,0x00000000fa000000,0x00000000faa80000)
 ParOldGen       total 175104K, used 625K [0x00000000e0000000, 0x00000000eab00000, 0x00000000f5580000)
  object space 175104K, 0% used [0x00000000e0000000,0x00000000e009c760,0x00000000eab00000)
 Metaspace       used 20589K, capacity 21174K, committed 21296K, reserved 1067008K
  class space    used 2933K, capacity 3139K, committed 3200K, reserved 1048576K
Event: 5.105 GC heap after
Heap after GC invocations=4 (full 1):
 PSYoungGen      total 76288K, used 0K [0x00000000f5580000, 0x00000000faa80000, 0x0000000100000000)
  eden space 65536K, 0% used [0x00000000f5580000,0x00000000f5580000,0x00000000f9580000)
  from space 10752K, 0% used [0x00000000f9580000,0x00000000f9580000,0x00000000fa000000)
  to   space 10752K, 0% used [0x00000000fa000000,0x00000000fa000000,0x00000000faa80000)
 ParOldGen       total 175104K, used 10927K [0x00000000e0000000, 0x00000000eab00000, 0x00000000f5580000)
  object space 175104K, 6% used [0x00000000e0000000,0x00000000e0aabf70,0x00000000eab00000)
 Metaspace       used 20589K, capacity 21174K, committed 21296K, reserved 1067008K
  class space    used 2933K, capacity 3139K, committed 3200K, reserved 1048576K
}
Event: 6.232 GC heap before
{Heap before GC invocations=5 (full 1):
 PSYoungGen      total 76288K, used 65536K [0x00000000f5580000, 0x00000000faa80000, 0x0000000100000000)
  eden space 65536K, 100% used [0x00000000f5580000,0x00000000f9580000,0x00000000f9580000)
  from space 10752K, 0% used [0x00000000f9580000,0x00000000f9580000,0x00000000fa000000)
  to   space 10752K, 0% used [0x00000000fa000000,0x00000000fa000000,0x00000000faa80000)
 ParOldGen       total 175104K, used 10927K [0x00000000e0000000, 0x00000000eab00000, 0x00000000f5580000)
  object space 175104K, 6% used [0x00000000e0000000,0x00000000e0aabf70,0x00000000eab00000)
 Metaspace       used 28127K, capacity 28782K, committed 28928K, reserved 1075200K
  class space    used 3824K, capacity 4017K, committed 4096K, reserved 1048576K
Event: 6.237 GC heap after
Heap after GC invocations=5 (full 1):
 PSYoungGen      total 76288K, used 7908K [0x00000000f5580000, 0x00000000fc100000, 0x0000000100000000)
  eden space 65536K, 0% used [0x00000000f5580000,0x00000000f5580000,0x00000000f9580000)
  from space 10752K, 73% used [0x00000000fa000000,0x00000000fa7b9108,0x00000000faa80000)
  to   space 10752K, 0% used [0x00000000f9580000,0x00000000f9580000,0x00000000fa000000)
 ParOldGen       total 175104K, used 10935K [0x00000000e0000000, 0x00000000eab00000, 0x00000000f5580000)
  object space 175104K, 6% used [0x00000000e0000000,0x00000000e0aadf70,0x00000000eab00000)
 Metaspace       used 28127K, capacity 28782K, committed 28928K, reserved 1075200K
  class space    used 3824K, capacity 4017K, committed 4096K, reserved 1048576K
}
Event: 7.540 GC heap before
{Heap before GC invocations=6 (full 1):
 PSYoungGen      total 76288K, used 69106K [0x00000000f5580000, 0x00000000fc100000, 0x0000000100000000)
  eden space 65536K, 93% used [0x00000000f5580000,0x00000000f9143930,0x00000000f9580000)
  from space 10752K, 73% used [0x00000000fa000000,0x00000000fa7b9108,0x00000000faa80000)
  to   space 10752K, 0% used [0x00000000f9580000,0x00000000f9580000,0x00000000fa000000)
 ParOldGen       total 175104K, used 10935K [0x00000000e0000000, 0x00000000eab00000, 0x00000000f5580000)
  object space 175104K, 6% used [0x00000000e0000000,0x00000000e0aadf70,0x00000000eab00000)
 Metaspace       used 34636K, capacity 35400K, committed 35496K, reserved 1079296K
  class space    used 4607K, capacity 4821K, committed 4864K, reserved 1048576K
Event: 7.560 GC heap after
Heap after GC invocations=6 (full 1):
 PSYoungGen      total 76288K, used 8883K [0x00000000f5580000, 0x00000000fc880000, 0x0000000100000000)
  eden space 65536K, 0% used [0x00000000f5580000,0x00000000f5580000,0x00000000f9580000)
  from space 10752K, 82% used [0x00000000f9580000,0x00000000f9e2cf90,0x00000000fa000000)
  to   space 12288K, 0% used [0x00000000fbc80000,0x00000000fbc80000,0x00000000fc880000)
 ParOldGen       total 175104K, used 10943K [0x00000000e0000000, 0x00000000eab00000, 0x00000000f5580000)
  object space 175104K, 6% used [0x00000000e0000000,0x00000000e0aaff70,0x00000000eab00000)
 Metaspace       used 34636K, capacity 35400K, committed 35496K, reserved 1079296K
  class space    used 4607K, capacity 4821K, committed 4864K, reserved 1048576K
}
Event: 7.560 GC heap before
{Heap before GC invocations=7 (full 2):
 PSYoungGen      total 76288K, used 8883K [0x00000000f5580000, 0x00000000fc880000, 0x0000000100000000)
  eden space 65536K, 0% used [0x00000000f5580000,0x00000000f5580000,0x00000000f9580000)
  from space 10752K, 82% used [0x00000000f9580000,0x00000000f9e2cf90,0x00000000fa000000)
  to   space 12288K, 0% used [0x00000000fbc80000,0x00000000fbc80000,0x00000000fc880000)
 ParOldGen       total 175104K, used 10943K [0x00000000e0000000, 0x00000000eab00000, 0x00000000f5580000)
  object space 175104K, 6% used [0x00000000e0000000,0x00000000e0aaff70,0x00000000eab00000)
 Metaspace       used 34636K, capacity 35400K, committed 35496K, reserved 1079296K
  class space    used 4607K, capacity 4821K, committed 4864K, reserved 1048576K
Event: 7.641 GC heap after
Heap after GC invocations=7 (full 2):
 PSYoungGen      total 76288K, used 0K [0x00000000f5580000, 0x00000000fc880000, 0x0000000100000000)
  eden space 65536K, 0% used [0x00000000f5580000,0x00000000f5580000,0x00000000f9580000)
  from space 10752K, 0% used [0x00000000f9580000,0x00000000f9580000,0x00000000fa000000)
  to   space 12288K, 0% used [0x00000000fbc80000,0x00000000fbc80000,0x00000000fc880000)
 ParOldGen       total 202240K, used 15788K [0x00000000e0000000, 0x00000000ec580000, 0x00000000f5580000)
  object space 202240K, 7% used [0x00000000e0000000,0x00000000e0f6b1f0,0x00000000ec580000)
 Metaspace       used 34625K, capacity 35388K, committed 35496K, reserved 1079296K
  class space    used 4603K, capacity 4817K, committed 4864K, reserved 1048576K
}

