# JRE version: Java(TM) SE Runtime Environment (8.0_121-b13) (build 1.8.0_121-b13)
# Java VM: Java HotSpot(TM) 64-Bit Server VM (25.121-b13 mixed mode windows-amd64 compressed oops)
Heap:
 PSYoungGen      total 64512K, used 5838K [0x00000000d7100000, 0x00000000dec00000, 0x0000000100000000)
  eden space 59392K, 1% used [0x00000000d7100000,0x00000000d71ba8d0,0x00000000dab00000)
  from space 5120K, 99% used [0x00000000db400000,0x00000000db8f8f98,0x00000000db900000)
  to   space 9216K, 0% used [0x00000000dab00000,0x00000000dab00000,0x00000000db400000)
 ParOldGen       total 50688K, used 8345K [0x0000000085200000, 0x0000000088380000, 0x00000000d7100000)
  object space 50688K, 16% used [0x0000000085200000,0x0000000085a26638,0x0000000088380000)
 Metaspace       used 25014K, capacity 26014K, committed 26112K, reserved 1073152K
  class space    used 3099K, capacity 3315K, committed 3328K, reserved 1048576K
GC Heap History (10 events):
Event: 6.274 GC heap before
{Heap before GC invocations=5 (full 0):
 PSYoungGen      total 68608K, used 68603K [0x00000000d7100000, 0x00000000db900000, 0x0000000100000000)
  eden space 63488K, 100% used [0x00000000d7100000,0x00000000daf00000,0x00000000daf00000)
  from space 5120K, 99% used [0x00000000db400000,0x00000000db8fee28,0x00000000db900000)
  to   space 5120K, 0% used [0x00000000daf00000,0x00000000daf00000,0x00000000db400000)
 ParOldGen       total 84992K, used 5084K [0x0000000085200000, 0x000000008a500000, 0x00000000d7100000)
  object space 84992K, 5% used [0x0000000085200000,0x00000000856f7110,0x000000008a500000)
 Metaspace       used 19793K, capacity 20482K, committed 20608K, reserved 1067008K
  class space    used 2406K, capacity 2577K, committed 2688K, reserved 1048576K
Event: 6.286 GC heap after
Heap after GC invocations=5 (full 0):
 PSYoungGen      total 68608K, used 5107K [0x00000000d7100000, 0x00000000db900000, 0x0000000100000000)
  eden space 63488K, 0% used [0x00000000d7100000,0x00000000d7100000,0x00000000daf00000)
  from space 5120K, 99% used [0x00000000daf00000,0x00000000db3fcda8,0x00000000db400000)
  to   space 5120K, 0% used [0x00000000db400000,0x00000000db400000,0x00000000db900000)
 ParOldGen       total 84992K, used 7103K [0x0000000085200000, 0x000000008a500000, 0x00000000d7100000)
  object space 84992K, 8% used [0x0000000085200000,0x00000000858efca0,0x000000008a500000)
 Metaspace       used 19793K, capacity 20482K, committed 20608K, reserved 1067008K
  class space    used 2406K, capacity 2577K, committed 2688K, reserved 1048576K
}
Event: 6.465 GC heap before
{Heap before GC invocations=6 (full 0):
 PSYoungGen      total 68608K, used 28334K [0x00000000d7100000, 0x00000000db900000, 0x0000000100000000)
  eden space 63488K, 36% used [0x00000000d7100000,0x00000000d87aed78,0x00000000daf00000)
  from space 5120K, 99% used [0x00000000daf00000,0x00000000db3fcda8,0x00000000db400000)
  to   space 5120K, 0% used [0x00000000db400000,0x00000000db400000,0x00000000db900000)
 ParOldGen       total 84992K, used 7103K [0x0000000085200000, 0x000000008a500000, 0x00000000d7100000)
  object space 84992K, 8% used [0x0000000085200000,0x00000000858efca0,0x000000008a500000)
 Metaspace       used 20397K, capacity 21144K, committed 21296K, reserved 1069056K
  class space    used 2441K, capacity 2616K, committed 2688K, reserved 1048576K
Event: 6.472 GC heap after
Heap after GC invocations=6 (full 0):
 PSYoungGen      total 68608K, used 5116K [0x00000000d7100000, 0x00000000db900000, 0x0000000100000000)
  eden space 63488K, 0% used [0x00000000d7100000,0x00000000d7100000,0x00000000daf00000)
  from space 5120K, 99% used [0x00000000db400000,0x00000000db8ff1f0,0x00000000db900000)
  to   space 5120K, 0% used [0x00000000daf00000,0x00000000daf00000,0x00000000db400000)
 ParOldGen       total 84992K, used 8120K [0x0000000085200000, 0x000000008a500000, 0x00000000d7100000)
  object space 84992K, 9% used [0x0000000085200000,0x00000000859ee1f0,0x000000008a500000)
 Metaspace       used 20397K, capacity 21144K, committed 21296K, reserved 1069056K
  class space    used 2441K, capacity 2616K, committed 2688K, reserved 1048576K
}
Event: 6.472 GC heap before
{Heap before GC invocations=7 (full 1):
 PSYoungGen      total 68608K, used 5116K [0x00000000d7100000, 0x00000000db900000, 0x0000000100000000)
  eden space 63488K, 0% used [0x00000000d7100000,0x00000000d7100000,0x00000000daf00000)
  from space 5120K, 99% used [0x00000000db400000,0x00000000db8ff1f0,0x00000000db900000)
  to   space 5120K, 0% used [0x00000000daf00000,0x00000000daf00000,0x00000000db400000)
 ParOldGen       total 84992K, used 8120K [0x0000000085200000, 0x000000008a500000, 0x00000000d7100000)
  object space 84992K, 9% used [0x0000000085200000,0x00000000859ee1f0,0x000000008a500000)
 Metaspace       used 20397K, capacity 21144K, committed 21296K, reserved 1069056K
  class space    used 2441K, capacity 2616K, committed 2688K, reserved 1048576K
Event: 6.514 GC heap after
Heap after GC invocations=7 (full 1):
 PSYoungGen      total 68608K, used 0K [0x00000000d7100000, 0x00000000db900000, 0x0000000100000000)
  eden space 63488K, 0% used [0x00000000d7100000,0x00000000d7100000,0x00000000daf00000)
  from space 5120K, 0% used [0x00000000db400000,0x00000000db400000,0x00000000db900000)
  to   space 5120K, 0% used [0x00000000daf00000,0x00000000daf00000,0x00000000db400000)
 ParOldGen       total 50688K, used 8265K [0x0000000085200000, 0x0000000088380000, 0x00000000d7100000)
  object space 50688K, 16% used [0x0000000085200000,0x0000000085a12480,0x0000000088380000)
 Metaspace       used 20395K, capacity 21138K, committed 21296K, reserved 1069056K
  class space    used 2440K, capacity 2615K, committed 2688K, reserved 1048576K
}
Event: 6.729 GC heap before
{Heap before GC invocations=8 (full 1):
 PSYoungGen      total 68608K, used 63488K [0x00000000d7100000, 0x00000000db900000, 0x0000000100000000)
  eden space 63488K, 100% used [0x00000000d7100000,0x00000000daf00000,0x00000000daf00000)
  from space 5120K, 0% used [0x00000000db400000,0x00000000db400000,0x00000000db900000)
  to   space 5120K, 0% used [0x00000000daf00000,0x00000000daf00000,0x00000000db400000)
 ParOldGen       total 50688K, used 8265K [0x0000000085200000, 0x0000000088380000, 0x00000000d7100000)
  object space 50688K, 16% used [0x0000000085200000,0x0000000085a12480,0x0000000088380000)
 Metaspace       used 20859K, capacity 21632K, committed 21808K, reserved 1069056K
  class space    used 2511K, capacity 2688K, committed 2688K, reserved 1048576K
Event: 6.731 GC heap after
Heap after GC invocations=8 (full 1):
 PSYoungGen      total 68608K, used 937K [0x00000000d7100000, 0x00000000db900000, 0x0000000100000000)
  eden space 63488K, 0% used [0x00000000d7100000,0x00000000d7100000,0x00000000daf00000)
  from space 5120K, 18% used [0x00000000daf00000,0x00000000dafea760,0x00000000db400000)
  to   space 5120K, 0% used [0x00000000db400000,0x00000000db400000,0x00000000db900000)
 ParOldGen       total 50688K, used 8273K [0x0000000085200000, 0x0000000088380000, 0x00000000d7100000)
  object space 50688K, 16% used [0x0000000085200000,0x0000000085a14480,0x0000000088380000)
 Metaspace       used 20859K, capacity 21632K, committed 21808K, reserved 1069056K
  class space    used 2511K, capacity 2688K, committed 2688K, reserved 1048576K
}
Event: 7.818 GC heap before
{Heap before GC invocations=9 (full 1):
 PSYoungGen      total 68608K, used 64425K [0x00000000d7100000, 0x00000000db900000, 0x0000000100000000)
  eden space 63488K, 100% used [0x00000000d7100000,0x00000000daf00000,0x00000000daf00000)
  from space 5120K, 18% used [0x00000000daf00000,0x00000000dafea760,0x00000000db400000)
  to   space 5120K, 0% used [0x00000000db400000,0x00000000db400000,0x00000000db900000)
 ParOldGen       total 50688K, used 8273K [0x0000000085200000, 0x0000000088380000, 0x00000000d7100000)
  object space 50688K, 16% used [0x0000000085200000,0x0000000085a14480,0x0000000088380000)
 Metaspace       used 24956K, capacity 25950K, committed 26112K, reserved 1073152K
  class space    used 3096K, capacity 3315K, committed 3328K, reserved 1048576K
Event: 7.824 GC heap after
Heap after GC invocations=9 (full 1):
 PSYoungGen      total 64512K, used 5091K [0x00000000d7100000, 0x00000000dec00000, 0x0000000100000000)
  eden space 59392K, 0% used [0x00000000d7100000,0x00000000d7100000,0x00000000dab00000)
  from space 5120K, 99% used [0x00000000db400000,0x00000000db8f8f98,0x00000000db900000)
  to   space 9216K, 0% used [0x00000000dab00000,0x00000000dab00000,0x00000000db400000)
 ParOldGen       total 50688K, used 8345K [0x0000000085200000, 0x0000000088380000, 0x00000000d7100000)
  object space 50688K, 16% used [0x0000000085200000,0x0000000085a26638,0x0000000088380000)
 Metaspace       used 24956K, capacity 25950K, committed 26112K, reserved 1073152K
  class space    used 3096K, capacity 3315K, committed 3328K, reserved 1048576K
}

