# JRE version: Java(TM) SE Runtime Environment (8.0_121-b13) (build 1.8.0_121-b13)
# Java VM: Java HotSpot(TM) 64-Bit Server VM (25.121-b13 mixed mode windows-amd64 compressed oops)
Heap:
 PSYoungGen      total 5242368K, used 2148953K [0x0000000680000000, 0x00000007c0000000, 0x00000007c0000000)
  eden space 5241856K, 40% used [0x0000000680000000,0x0000000703266448,0x00000007bff00000)
  from space 512K, 37% used [0x00000007bff00000,0x00000007bff30000,0x00000007bff80000)
  to   space 512K, 0% used [0x00000007bff80000,0x00000007bff80000,0x00000007c0000000)
 ParOldGen       total 10485760K, used 6695524K [0x0000000400000000, 0x0000000680000000, 0x0000000680000000)
  object space 10485760K, 63% used [0x0000000400000000,0x0000000598a99240,0x0000000680000000)
 Metaspace       used 68156K, capacity 72358K, committed 72448K, reserved 1112064K
  class space    used 8721K, capacity 9415K, committed 9472K, reserved 1048576K
GC Heap History (10 events):
Event: 3047.253 GC heap before
{Heap before GC invocations=843 (full 4):
 PSYoungGen      total 5242368K, used 5242016K [0x0000000680000000, 0x00000007c0000000, 0x00000007c0000000)
  eden space 5241856K, 100% used [0x0000000680000000,0x00000007bff00000,0x00000007bff00000)
  from space 512K, 31% used [0x00000007bff80000,0x00000007bffa8000,0x00000007c0000000)
  to   space 512K, 0% used [0x00000007bff00000,0x00000007bff00000,0x00000007bff80000)
 ParOldGen       total 10485760K, used 6695524K [0x0000000400000000, 0x0000000680000000, 0x0000000680000000)
  object space 10485760K, 63% used [0x0000000400000000,0x0000000598a99240,0x0000000680000000)
 Metaspace       used 68133K, capacity 72358K, committed 72448K, reserved 1112064K
  class space    used 8717K, capacity 9415K, committed 9472K, reserved 1048576K
Event: 3047.263 GC heap after
Heap after GC invocations=843 (full 4):
 PSYoungGen      total 5139456K, used 160K [0x0000000680000000, 0x00000007c0000000, 0x00000007c0000000)
  eden space 5138944K, 0% used [0x0000000680000000,0x0000000680000000,0x00000007b9a80000)
  from space 512K, 31% used [0x00000007bff00000,0x00000007bff28000,0x00000007bff80000)
  to   space 512K, 0% used [0x00000007bff80000,0x00000007bff80000,0x00000007c0000000)
 ParOldGen       total 10485760K, used 6695524K [0x0000000400000000, 0x0000000680000000, 0x0000000680000000)
  object space 10485760K, 63% used [0x0000000400000000,0x0000000598a99240,0x0000000680000000)
 Metaspace       used 68133K, capacity 72358K, committed 72448K, reserved 1112064K
  class space    used 8717K, capacity 9415K, committed 9472K, reserved 1048576K
}
Event: 3051.885 GC heap before
{Heap before GC invocations=844 (full 4):
 PSYoungGen      total 5139456K, used 5139104K [0x0000000680000000, 0x00000007c0000000, 0x00000007c0000000)
  eden space 5138944K, 100% used [0x0000000680000000,0x00000007b9a80000,0x00000007b9a80000)
  from space 512K, 31% used [0x00000007bff00000,0x00000007bff28000,0x00000007bff80000)
  to   space 512K, 0% used [0x00000007bff80000,0x00000007bff80000,0x00000007c0000000)
 ParOldGen       total 10485760K, used 6695524K [0x0000000400000000, 0x0000000680000000, 0x0000000680000000)
  object space 10485760K, 63% used [0x0000000400000000,0x0000000598a99240,0x0000000680000000)
 Metaspace       used 68133K, capacity 72358K, committed 72448K, reserved 1112064K
  class space    used 8717K, capacity 9415K, committed 9472K, reserved 1048576K
Event: 3052.066 GC heap after
Heap after GC invocations=844 (full 4):
 PSYoungGen      total 5242368K, used 224K [0x0000000680000000, 0x00000007c0000000, 0x00000007c0000000)
  eden space 5241856K, 0% used [0x0000000680000000,0x0000000680000000,0x00000007bff00000)
  from space 512K, 43% used [0x00000007bff80000,0x00000007bffb8000,0x00000007c0000000)
  to   space 512K, 0% used [0x00000007bff00000,0x00000007bff00000,0x00000007bff80000)
 ParOldGen       total 10485760K, used 6695524K [0x0000000400000000, 0x0000000680000000, 0x0000000680000000)
  object space 10485760K, 63% used [0x0000000400000000,0x0000000598a99240,0x0000000680000000)
 Metaspace       used 68133K, capacity 72358K, committed 72448K, reserved 1112064K
  class space    used 8717K, capacity 9415K, committed 9472K, reserved 1048576K
}
Event: 3056.685 GC heap before
{Heap before GC invocations=845 (full 4):
 PSYoungGen      total 5242368K, used 5242080K [0x0000000680000000, 0x00000007c0000000, 0x00000007c0000000)
  eden space 5241856K, 100% used [0x0000000680000000,0x00000007bff00000,0x00000007bff00000)
  from space 512K, 43% used [0x00000007bff80000,0x00000007bffb8000,0x00000007c0000000)
  to   space 512K, 0% used [0x00000007bff00000,0x00000007bff00000,0x00000007bff80000)
 ParOldGen       total 10485760K, used 6695524K [0x0000000400000000, 0x0000000680000000, 0x0000000680000000)
  object space 10485760K, 63% used [0x0000000400000000,0x0000000598a99240,0x0000000680000000)
 Metaspace       used 68133K, capacity 72358K, committed 72448K, reserved 1112064K
  class space    used 8717K, capacity 9415K, committed 9472K, reserved 1048576K
Event: 3056.924 GC heap after
Heap after GC invocations=845 (full 4):
 PSYoungGen      total 5242368K, used 192K [0x0000000680000000, 0x00000007c0000000, 0x00000007c0000000)
  eden space 5241856K, 0% used [0x0000000680000000,0x0000000680000000,0x00000007bff00000)
  from space 512K, 37% used [0x00000007bff00000,0x00000007bff30000,0x00000007bff80000)
  to   space 512K, 0% used [0x00000007bff80000,0x00000007bff80000,0x00000007c0000000)
 ParOldGen       total 10485760K, used 6695524K [0x0000000400000000, 0x0000000680000000, 0x0000000680000000)
  object space 10485760K, 63% used [0x0000000400000000,0x0000000598a99240,0x0000000680000000)
 Metaspace       used 68133K, capacity 72358K, committed 72448K, reserved 1112064K
  class space    used 8717K, capacity 9415K, committed 9472K, reserved 1048576K
}
Event: 3061.415 GC heap before
{Heap before GC invocations=846 (full 4):
 PSYoungGen      total 5242368K, used 5242048K [0x0000000680000000, 0x00000007c0000000, 0x00000007c0000000)
  eden space 5241856K, 100% used [0x0000000680000000,0x00000007bff00000,0x00000007bff00000)
  from space 512K, 37% used [0x00000007bff00000,0x00000007bff30000,0x00000007bff80000)
  to   space 512K, 0% used [0x00000007bff80000,0x00000007bff80000,0x00000007c0000000)
 ParOldGen       total 10485760K, used 6695524K [0x0000000400000000, 0x0000000680000000, 0x0000000680000000)
  object space 10485760K, 63% used [0x0000000400000000,0x0000000598a99240,0x0000000680000000)
 Metaspace       used 68133K, capacity 72358K, committed 72448K, reserved 1112064K
  class space    used 8717K, capacity 9415K, committed 9472K, reserved 1048576K
Event: 3061.482 GC heap after
Heap after GC invocations=846 (full 4):
 PSYoungGen      total 5242368K, used 192K [0x0000000680000000, 0x00000007c0000000, 0x00000007c0000000)
  eden space 5241856K, 0% used [0x0000000680000000,0x0000000680000000,0x00000007bff00000)
  from space 512K, 37% used [0x00000007bff80000,0x00000007bffb0000,0x00000007c0000000)
  to   space 512K, 0% used [0x00000007bff00000,0x00000007bff00000,0x00000007bff80000)
 ParOldGen       total 10485760K, used 6695524K [0x0000000400000000, 0x0000000680000000, 0x0000000680000000)
  object space 10485760K, 63% used [0x0000000400000000,0x0000000598a99240,0x0000000680000000)
 Metaspace       used 68133K, capacity 72358K, committed 72448K, reserved 1112064K
  class space    used 8717K, capacity 9415K, committed 9472K, reserved 1048576K
}
Event: 3065.652 GC heap before
{Heap before GC invocations=847 (full 4):
 PSYoungGen      total 5242368K, used 5242048K [0x0000000680000000, 0x00000007c0000000, 0x00000007c0000000)
  eden space 5241856K, 100% used [0x0000000680000000,0x00000007bff00000,0x00000007bff00000)
  from space 512K, 37% used [0x00000007bff80000,0x00000007bffb0000,0x00000007c0000000)
  to   space 512K, 0% used [0x00000007bff00000,0x00000007bff00000,0x00000007bff80000)
 ParOldGen       total 10485760K, used 6695524K [0x0000000400000000, 0x0000000680000000, 0x0000000680000000)
  object space 10485760K, 63% used [0x0000000400000000,0x0000000598a99240,0x0000000680000000)
 Metaspace       used 68133K, capacity 72358K, committed 72448K, reserved 1112064K
  class space    used 8717K, capacity 9415K, committed 9472K, reserved 1048576K
Event: 3065.660 GC heap after
Heap after GC invocations=847 (full 4):
 PSYoungGen      total 5242368K, used 192K [0x0000000680000000, 0x00000007c0000000, 0x00000007c0000000)
  eden space 5241856K, 0% used [0x0000000680000000,0x0000000680000000,0x00000007bff00000)
  from space 512K, 37% used [0x00000007bff00000,0x00000007bff30000,0x00000007bff80000)
  to   space 512K, 0% used [0x00000007bff80000,0x00000007bff80000,0x00000007c0000000)
 ParOldGen       total 10485760K, used 6695524K [0x0000000400000000, 0x0000000680000000, 0x0000000680000000)
  object space 10485760K, 63% used [0x0000000400000000,0x0000000598a99240,0x0000000680000000)
 Metaspace       used 68133K, capacity 72358K, committed 72448K, reserved 1112064K
  class space    used 8717K, capacity 9415K, committed 9472K, reserved 1048576K
}

