# JRE version: Java(TM) SE Runtime Environment (8.0_121-b13) (build 1.8.0_121-b13)
# Java VM: Java HotSpot(TM) 64-Bit Server VM (25.121-b13 mixed mode windows-amd64 compressed oops)
Heap:
 PSYoungGen      total 4798976K, used 4431833K [0x0000000680000000, 0x00000007a7b00000, 0x00000007c0000000)
  eden space 4758528K, 93% used [0x0000000680000000,0x000000078e4de488,0x00000007a2700000)
  from space 40448K, 7% used [0x00000007a2700000,0x00000007a2a18000,0x00000007a4e80000)
  to   space 44032K, 0% used [0x00000007a4e80000,0x00000007a4e80000,0x00000007a7980000)
 ParOldGen       total 8051712K, used 5736144K [0x0000000400000000, 0x00000005eb700000, 0x0000000680000000)
  object space 8051712K, 71% used [0x0000000400000000,0x000000055e1b4170,0x00000005eb700000)
 Metaspace       used 67924K, capacity 71976K, committed 72192K, reserved 1112064K
  class space    used 8697K, capacity 9374K, committed 9472K, reserved 1048576K
GC Heap History (10 events):
Event: 146.992 GC heap before
{Heap before GC invocations=72 (full 3):
 PSYoungGen      total 4652544K, used 4610464K [0x0000000680000000, 0x000000079f180000, 0x00000007c0000000)
  eden space 4607488K, 100% used [0x0000000680000000,0x0000000799380000,0x0000000799380000)
  from space 45056K, 6% used [0x000000079c580000,0x000000079c868000,0x000000079f180000)
  to   space 48128K, 0% used [0x0000000799380000,0x0000000799380000,0x000000079c280000)
 ParOldGen       total 8051712K, used 5735168K [0x0000000400000000, 0x00000005eb700000, 0x0000000680000000)
  object space 8051712K, 71% used [0x0000000400000000,0x000000055e0c0170,0x00000005eb700000)
 Metaspace       used 67923K, capacity 71976K, committed 72192K, reserved 1112064K
  class space    used 8697K, capacity 9374K, committed 9472K, reserved 1048576K
Event: 147.008 GC heap after
Heap after GC invocations=72 (full 3):
 PSYoungGen      total 4655616K, used 3008K [0x0000000680000000, 0x00000007a7980000, 0x00000007c0000000)
  eden space 4607488K, 0% used [0x0000000680000000,0x0000000680000000,0x0000000799380000)
  from space 48128K, 6% used [0x0000000799380000,0x0000000799670000,0x000000079c280000)
  to   space 44032K, 0% used [0x00000007a4e80000,0x00000007a4e80000,0x00000007a7980000)
 ParOldGen       total 8051712K, used 5735360K [0x0000000400000000, 0x00000005eb700000, 0x0000000680000000)
  object space 8051712K, 71% used [0x0000000400000000,0x000000055e0f0170,0x00000005eb700000)
 Metaspace       used 67923K, capacity 71976K, committed 72192K, reserved 1112064K
  class space    used 8697K, capacity 9374K, committed 9472K, reserved 1048576K
}
Event: 149.752 GC heap before
{Heap before GC invocations=73 (full 3):
 PSYoungGen      total 4655616K, used 4610496K [0x0000000680000000, 0x00000007a7980000, 0x00000007c0000000)
  eden space 4607488K, 100% used [0x0000000680000000,0x0000000799380000,0x0000000799380000)
  from space 48128K, 6% used [0x0000000799380000,0x0000000799670000,0x000000079c280000)
  to   space 44032K, 0% used [0x00000007a4e80000,0x00000007a4e80000,0x00000007a7980000)
 ParOldGen       total 8051712K, used 5735360K [0x0000000400000000, 0x00000005eb700000, 0x0000000680000000)
  object space 8051712K, 71% used [0x0000000400000000,0x000000055e0f0170,0x00000005eb700000)
 Metaspace       used 67924K, capacity 71976K, committed 72192K, reserved 1112064K
  class space    used 8697K, capacity 9374K, committed 9472K, reserved 1048576K
Event: 149.778 GC heap after
Heap after GC invocations=73 (full 3):
 PSYoungGen      total 4802560K, used 3008K [0x0000000680000000, 0x00000007a7b00000, 0x00000007c0000000)
  eden space 4758528K, 0% used [0x0000000680000000,0x0000000680000000,0x00000007a2700000)
  from space 44032K, 6% used [0x00000007a4e80000,0x00000007a5170000,0x00000007a7980000)
  to   space 40448K, 0% used [0x00000007a2700000,0x00000007a2700000,0x00000007a4e80000)
 ParOldGen       total 8051712K, used 5735552K [0x0000000400000000, 0x00000005eb700000, 0x0000000680000000)
  object space 8051712K, 71% used [0x0000000400000000,0x000000055e120170,0x00000005eb700000)
 Metaspace       used 67924K, capacity 71976K, committed 72192K, reserved 1112064K
  class space    used 8697K, capacity 9374K, committed 9472K, reserved 1048576K
}
Event: 152.465 GC heap before
{Heap before GC invocations=74 (full 3):
 PSYoungGen      total 4802560K, used 4761536K [0x0000000680000000, 0x00000007a7b00000, 0x00000007c0000000)
  eden space 4758528K, 100% used [0x0000000680000000,0x00000007a2700000,0x00000007a2700000)
  from space 44032K, 6% used [0x00000007a4e80000,0x00000007a5170000,0x00000007a7980000)
  to   space 40448K, 0% used [0x00000007a2700000,0x00000007a2700000,0x00000007a4e80000)
 ParOldGen       total 8051712K, used 5735552K [0x0000000400000000, 0x00000005eb700000, 0x0000000680000000)
  object space 8051712K, 71% used [0x0000000400000000,0x000000055e120170,0x00000005eb700000)
 Metaspace       used 67924K, capacity 71976K, committed 72192K, reserved 1112064K
  class space    used 8697K, capacity 9374K, committed 9472K, reserved 1048576K
Event: 152.482 GC heap after
Heap after GC invocations=74 (full 3):
 PSYoungGen      total 4798976K, used 3104K [0x0000000680000000, 0x00000007a7b00000, 0x00000007c0000000)
  eden space 4758528K, 0% used [0x0000000680000000,0x0000000680000000,0x00000007a2700000)
  from space 40448K, 7% used [0x00000007a2700000,0x00000007a2a08000,0x00000007a4e80000)
  to   space 44032K, 0% used [0x00000007a4e80000,0x00000007a4e80000,0x00000007a7980000)
 ParOldGen       total 8051712K, used 5735744K [0x0000000400000000, 0x00000005eb700000, 0x0000000680000000)
  object space 8051712K, 71% used [0x0000000400000000,0x000000055e150170,0x00000005eb700000)
 Metaspace       used 67924K, capacity 71976K, committed 72192K, reserved 1112064K
  class space    used 8697K, capacity 9374K, committed 9472K, reserved 1048576K
}
Event: 155.329 GC heap before
{Heap before GC invocations=75 (full 3):
 PSYoungGen      total 4798976K, used 4761632K [0x0000000680000000, 0x00000007a7b00000, 0x00000007c0000000)
  eden space 4758528K, 100% used [0x0000000680000000,0x00000007a2700000,0x00000007a2700000)
  from space 40448K, 7% used [0x00000007a2700000,0x00000007a2a08000,0x00000007a4e80000)
  to   space 44032K, 0% used [0x00000007a4e80000,0x00000007a4e80000,0x00000007a7980000)
 ParOldGen       total 8051712K, used 5735744K [0x0000000400000000, 0x00000005eb700000, 0x0000000680000000)
  object space 8051712K, 71% used [0x0000000400000000,0x000000055e150170,0x00000005eb700000)
 Metaspace       used 67924K, capacity 71976K, committed 72192K, reserved 1112064K
  class space    used 8697K, capacity 9374K, committed 9472K, reserved 1048576K
Event: 155.342 GC heap after
Heap after GC invocations=75 (full 3):
 PSYoungGen      total 4802560K, used 3072K [0x0000000680000000, 0x00000007a7b00000, 0x00000007c0000000)
  eden space 4758528K, 0% used [0x0000000680000000,0x0000000680000000,0x00000007a2700000)
  from space 44032K, 6% used [0x00000007a4e80000,0x00000007a5180000,0x00000007a7980000)
  to   space 40448K, 0% used [0x00000007a2700000,0x00000007a2700000,0x00000007a4e80000)
 ParOldGen       total 8051712K, used 5735944K [0x0000000400000000, 0x00000005eb700000, 0x0000000680000000)
  object space 8051712K, 71% used [0x0000000400000000,0x000000055e182170,0x00000005eb700000)
 Metaspace       used 67924K, capacity 71976K, committed 72192K, reserved 1112064K
  class space    used 8697K, capacity 9374K, committed 9472K, reserved 1048576K
}
Event: 158.009 GC heap before
{Heap before GC invocations=76 (full 3):
 PSYoungGen      total 4802560K, used 4761600K [0x0000000680000000, 0x00000007a7b00000, 0x00000007c0000000)
  eden space 4758528K, 100% used [0x0000000680000000,0x00000007a2700000,0x00000007a2700000)
  from space 44032K, 6% used [0x00000007a4e80000,0x00000007a5180000,0x00000007a7980000)
  to   space 40448K, 0% used [0x00000007a2700000,0x00000007a2700000,0x00000007a4e80000)
 ParOldGen       total 8051712K, used 5735944K [0x0000000400000000, 0x00000005eb700000, 0x0000000680000000)
  object space 8051712K, 71% used [0x0000000400000000,0x000000055e182170,0x00000005eb700000)
 Metaspace       used 67924K, capacity 71976K, committed 72192K, reserved 1112064K
  class space    used 8697K, capacity 9374K, committed 9472K, reserved 1048576K
Event: 158.033 GC heap after
Heap after GC invocations=76 (full 3):
 PSYoungGen      total 4798976K, used 3168K [0x0000000680000000, 0x00000007a7b00000, 0x00000007c0000000)
  eden space 4758528K, 0% used [0x0000000680000000,0x0000000680000000,0x00000007a2700000)
  from space 40448K, 7% used [0x00000007a2700000,0x00000007a2a18000,0x00000007a4e80000)
  to   space 44032K, 0% used [0x00000007a4e80000,0x00000007a4e80000,0x00000007a7980000)
 ParOldGen       total 8051712K, used 5736144K [0x0000000400000000, 0x00000005eb700000, 0x0000000680000000)
  object space 8051712K, 71% used [0x0000000400000000,0x000000055e1b4170,0x00000005eb700000)
 Metaspace       used 67924K, capacity 71976K, committed 72192K, reserved 1112064K
  class space    used 8697K, capacity 9374K, committed 9472K, reserved 1048576K
}

