# JRE version: Java(TM) SE Runtime Environment (8.0_121-b13) (build 1.8.0_121-b13)
# Java VM: Java HotSpot(TM) 64-Bit Server VM (25.121-b13 mixed mode windows-amd64 compressed oops)
Heap:
 PSYoungGen      total 133120K, used 9875K [0x00000000d5580000, 0x00000000de400000, 0x0000000100000000)
  eden space 122368K, 8% used [0x00000000d5580000,0x00000000d5f24cd8,0x00000000dcd00000)
  from space 10752K, 0% used [0x00000000dd780000,0x00000000dd780000,0x00000000de200000)
  to   space 10752K, 0% used [0x00000000dcd00000,0x00000000dcd00000,0x00000000dd780000)
 ParOldGen       total 87552K, used 14204K [0x0000000080000000, 0x0000000085580000, 0x00000000d5580000)
  object space 87552K, 16% used [0x0000000080000000,0x0000000080ddf028,0x0000000085580000)
 Metaspace       used 34338K, capacity 36154K, committed 36392K, reserved 1081344K
  class space    used 4328K, capacity 4645K, committed 4736K, reserved 1048576K
GC Heap History (10 events):
Event: 2.302 GC heap before
{Heap before GC invocations=8 (full 1):
 PSYoungGen      total 68608K, used 63488K [0x00000000d5580000, 0x00000000d9d80000, 0x0000000100000000)
  eden space 63488K, 100% used [0x00000000d5580000,0x00000000d9380000,0x00000000d9380000)
  from space 5120K, 0% used [0x00000000d9880000,0x00000000d9880000,0x00000000d9d80000)
  to   space 5120K, 0% used [0x00000000d9380000,0x00000000d9380000,0x00000000d9880000)
 ParOldGen       total 56320K, used 8203K [0x0000000080000000, 0x0000000083700000, 0x00000000d5580000)
  object space 56320K, 14% used [0x0000000080000000,0x0000000080802e08,0x0000000083700000)
 Metaspace       used 20843K, capacity 21622K, committed 21808K, reserved 1069056K
  class space    used 2510K, capacity 2687K, committed 2688K, reserved 1048576K
Event: 2.303 GC heap after
Heap after GC invocations=8 (full 1):
 PSYoungGen      total 68608K, used 920K [0x00000000d5580000, 0x00000000dc700000, 0x0000000100000000)
  eden space 63488K, 0% used [0x00000000d5580000,0x00000000d5580000,0x00000000d9380000)
  from space 5120K, 17% used [0x00000000d9380000,0x00000000d9466260,0x00000000d9880000)
  to   space 9216K, 0% used [0x00000000dbe00000,0x00000000dbe00000,0x00000000dc700000)
 ParOldGen       total 56320K, used 8211K [0x0000000080000000, 0x0000000083700000, 0x00000000d5580000)
  object space 56320K, 14% used [0x0000000080000000,0x0000000080804e08,0x0000000083700000)
 Metaspace       used 20843K, capacity 21622K, committed 21808K, reserved 1069056K
  class space    used 2510K, capacity 2687K, committed 2688K, reserved 1048576K
}
Event: 2.977 GC heap before
{Heap before GC invocations=9 (full 1):
 PSYoungGen      total 68608K, used 64408K [0x00000000d5580000, 0x00000000dc700000, 0x0000000100000000)
  eden space 63488K, 100% used [0x00000000d5580000,0x00000000d9380000,0x00000000d9380000)
  from space 5120K, 17% used [0x00000000d9380000,0x00000000d9466260,0x00000000d9880000)
  to   space 9216K, 0% used [0x00000000dbe00000,0x00000000dbe00000,0x00000000dc700000)
 ParOldGen       total 56320K, used 8211K [0x0000000080000000, 0x0000000083700000, 0x00000000d5580000)
  object space 56320K, 14% used [0x0000000080000000,0x0000000080804e08,0x0000000083700000)
 Metaspace       used 24921K, capacity 25948K, committed 26112K, reserved 1073152K
  class space    used 3095K, capacity 3314K, committed 3328K, reserved 1048576K
Event: 2.983 GC heap after
Heap after GC invocations=9 (full 1):
 PSYoungGen      total 102912K, used 5108K [0x00000000d5580000, 0x00000000dc500000, 0x0000000100000000)
  eden space 95744K, 0% used [0x00000000d5580000,0x00000000d5580000,0x00000000db300000)
  from space 7168K, 71% used [0x00000000dbe00000,0x00000000dc2fd2c8,0x00000000dc500000)
  to   space 9216K, 0% used [0x00000000db300000,0x00000000db300000,0x00000000dbc00000)
 ParOldGen       total 56320K, used 8219K [0x0000000080000000, 0x0000000083700000, 0x00000000d5580000)
  object space 56320K, 14% used [0x0000000080000000,0x0000000080806e08,0x0000000083700000)
 Metaspace       used 24921K, capacity 25948K, committed 26112K, reserved 1073152K
  class space    used 3095K, capacity 3314K, committed 3328K, reserved 1048576K
}
Event: 4.701 GC heap before
{Heap before GC invocations=10 (full 1):
 PSYoungGen      total 102912K, used 100816K [0x00000000d5580000, 0x00000000dc500000, 0x0000000100000000)
  eden space 95744K, 99% used [0x00000000d5580000,0x00000000db2f70e0,0x00000000db300000)
  from space 7168K, 71% used [0x00000000dbe00000,0x00000000dc2fd2c8,0x00000000dc500000)
  to   space 9216K, 0% used [0x00000000db300000,0x00000000db300000,0x00000000dbc00000)
 ParOldGen       total 56320K, used 8219K [0x0000000080000000, 0x0000000083700000, 0x00000000d5580000)
  object space 56320K, 14% used [0x0000000080000000,0x0000000080806e08,0x0000000083700000)
 Metaspace       used 32200K, capacity 33940K, committed 34048K, reserved 1079296K
  class space    used 4034K, capacity 4352K, committed 4352K, reserved 1048576K
Event: 4.710 GC heap after
Heap after GC invocations=10 (full 1):
 PSYoungGen      total 104960K, used 9189K [0x00000000d5580000, 0x00000000de200000, 0x0000000100000000)
  eden space 95744K, 0% used [0x00000000d5580000,0x00000000d5580000,0x00000000db300000)
  from space 9216K, 99% used [0x00000000db300000,0x00000000dbbf9440,0x00000000dbc00000)
  to   space 10752K, 0% used [0x00000000dd780000,0x00000000dd780000,0x00000000de200000)
 ParOldGen       total 56320K, used 10009K [0x0000000080000000, 0x0000000083700000, 0x00000000d5580000)
  object space 56320K, 17% used [0x0000000080000000,0x00000000809c64c8,0x0000000083700000)
 Metaspace       used 32200K, capacity 33940K, committed 34048K, reserved 1079296K
  class space    used 4034K, capacity 4352K, committed 4352K, reserved 1048576K
}
Event: 5.053 GC heap before
{Heap before GC invocations=11 (full 1):
 PSYoungGen      total 104960K, used 56313K [0x00000000d5580000, 0x00000000de200000, 0x0000000100000000)
  eden space 95744K, 49% used [0x00000000d5580000,0x00000000d8385240,0x00000000db300000)
  from space 9216K, 99% used [0x00000000db300000,0x00000000dbbf9440,0x00000000dbc00000)
  to   space 10752K, 0% used [0x00000000dd780000,0x00000000dd780000,0x00000000de200000)
 ParOldGen       total 56320K, used 10009K [0x0000000080000000, 0x0000000083700000, 0x00000000d5580000)
  object space 56320K, 17% used [0x0000000080000000,0x00000000809c64c8,0x0000000083700000)
 Metaspace       used 33590K, capacity 35318K, committed 35496K, reserved 1081344K
  class space    used 4212K, capacity 4531K, committed 4608K, reserved 1048576K
Event: 5.061 GC heap after
Heap after GC invocations=11 (full 1):
 PSYoungGen      total 133120K, used 7384K [0x00000000d5580000, 0x00000000de400000, 0x0000000100000000)
  eden space 122368K, 0% used [0x00000000d5580000,0x00000000d5580000,0x00000000dcd00000)
  from space 10752K, 68% used [0x00000000dd780000,0x00000000ddeb60c0,0x00000000de200000)
  to   space 10752K, 0% used [0x00000000dcd00000,0x00000000dcd00000,0x00000000dd780000)
 ParOldGen       total 56320K, used 10329K [0x0000000080000000, 0x0000000083700000, 0x00000000d5580000)
  object space 56320K, 18% used [0x0000000080000000,0x0000000080a164c8,0x0000000083700000)
 Metaspace       used 33590K, capacity 35318K, committed 35496K, reserved 1081344K
  class space    used 4212K, capacity 4531K, committed 4608K, reserved 1048576K
}
Event: 5.062 GC heap before
{Heap before GC invocations=12 (full 2):
 PSYoungGen      total 133120K, used 7384K [0x00000000d5580000, 0x00000000de400000, 0x0000000100000000)
  eden space 122368K, 0% used [0x00000000d5580000,0x00000000d5580000,0x00000000dcd00000)
  from space 10752K, 68% used [0x00000000dd780000,0x00000000ddeb60c0,0x00000000de200000)
  to   space 10752K, 0% used [0x00000000dcd00000,0x00000000dcd00000,0x00000000dd780000)
 ParOldGen       total 56320K, used 10329K [0x0000000080000000, 0x0000000083700000, 0x00000000d5580000)
  object space 56320K, 18% used [0x0000000080000000,0x0000000080a164c8,0x0000000083700000)
 Metaspace       used 33590K, capacity 35318K, committed 35496K, reserved 1081344K
  class space    used 4212K, capacity 4531K, committed 4608K, reserved 1048576K
Event: 5.132 GC heap after
Heap after GC invocations=12 (full 2):
 PSYoungGen      total 133120K, used 0K [0x00000000d5580000, 0x00000000de400000, 0x0000000100000000)
  eden space 122368K, 0% used [0x00000000d5580000,0x00000000d5580000,0x00000000dcd00000)
  from space 10752K, 0% used [0x00000000dd780000,0x00000000dd780000,0x00000000de200000)
  to   space 10752K, 0% used [0x00000000dcd00000,0x00000000dcd00000,0x00000000dd780000)
 ParOldGen       total 87552K, used 14204K [0x0000000080000000, 0x0000000085580000, 0x00000000d5580000)
  object space 87552K, 16% used [0x0000000080000000,0x0000000080ddf028,0x0000000085580000)
 Metaspace       used 33590K, capacity 35318K, committed 35496K, reserved 1081344K
  class space    used 4212K, capacity 4531K, committed 4608K, reserved 1048576K
}

