# JRE version: Java(TM) SE Runtime Environment (8.0_121-b13) (build 1.8.0_121-b13)
# Java VM: Java HotSpot(TM) 64-Bit Server VM (25.121-b13 mixed mode windows-amd64 compressed oops)
Heap:
 PSYoungGen      total 231936K, used 20496K [0x00000000eab00000, 0x00000000f9880000, 0x0000000100000000)
  eden space 220672K, 9% used [0x00000000eab00000,0x00000000ebf040e8,0x00000000f8280000)
  from space 11264K, 0% used [0x00000000f8280000,0x00000000f8280000,0x00000000f8d80000)
  to   space 9216K, 0% used [0x00000000f8e80000,0x00000000f8e80000,0x00000000f9780000)
 ParOldGen       total 50176K, used 15888K [0x00000000c0000000, 0x00000000c3100000, 0x00000000eab00000)
  object space 50176K, 31% used [0x00000000c0000000,0x00000000c0f84160,0x00000000c3100000)
 Metaspace       used 34710K, capacity 36556K, committed 36648K, reserved 1081344K
  class space    used 4373K, capacity 4712K, committed 4736K, reserved 1048576K
GC Heap History (10 events):
Event: 5.443 GC heap before
{Heap before GC invocations=7 (full 1):
 PSYoungGen      total 134656K, used 6143K [0x00000000eab00000, 0x00000000f3700000, 0x0000000100000000)
  eden space 126976K, 0% used [0x00000000eab00000,0x00000000eab00000,0x00000000f2700000)
  from space 7680K, 79% used [0x00000000f2f80000,0x00000000f357fcc8,0x00000000f3700000)
  to   space 8192K, 0% used [0x00000000f2700000,0x00000000f2700000,0x00000000f2f00000)
 ParOldGen       total 84992K, used 7189K [0x00000000c0000000, 0x00000000c5300000, 0x00000000eab00000)
  object space 84992K, 8% used [0x00000000c0000000,0x00000000c0705790,0x00000000c5300000)
 Metaspace       used 20395K, capacity 21134K, committed 21296K, reserved 1069056K
  class space    used 2437K, capacity 2615K, committed 2688K, reserved 1048576K
Event: 5.480 GC heap after
Heap after GC invocations=7 (full 1):
 PSYoungGen      total 134656K, used 0K [0x00000000eab00000, 0x00000000f3700000, 0x0000000100000000)
  eden space 126976K, 0% used [0x00000000eab00000,0x00000000eab00000,0x00000000f2700000)
  from space 7680K, 0% used [0x00000000f2f80000,0x00000000f2f80000,0x00000000f3700000)
  to   space 8192K, 0% used [0x00000000f2700000,0x00000000f2700000,0x00000000f2f00000)
 ParOldGen       total 50176K, used 8246K [0x00000000c0000000, 0x00000000c3100000, 0x00000000eab00000)
  object space 50176K, 16% used [0x00000000c0000000,0x00000000c080d818,0x00000000c3100000)
 Metaspace       used 20394K, capacity 21128K, committed 21296K, reserved 1069056K
  class space    used 2436K, capacity 2614K, committed 2688K, reserved 1048576K
}
Event: 5.647 GC heap before
{Heap before GC invocations=8 (full 1):
 PSYoungGen      total 134656K, used 126976K [0x00000000eab00000, 0x00000000f3700000, 0x0000000100000000)
  eden space 126976K, 100% used [0x00000000eab00000,0x00000000f2700000,0x00000000f2700000)
  from space 7680K, 0% used [0x00000000f2f80000,0x00000000f2f80000,0x00000000f3700000)
  to   space 8192K, 0% used [0x00000000f2700000,0x00000000f2700000,0x00000000f2f00000)
 ParOldGen       total 50176K, used 8246K [0x00000000c0000000, 0x00000000c3100000, 0x00000000eab00000)
  object space 50176K, 16% used [0x00000000c0000000,0x00000000c080d818,0x00000000c3100000)
 Metaspace       used 20892K, capacity 21690K, committed 21808K, reserved 1069056K
  class space    used 2516K, capacity 2687K, committed 2688K, reserved 1048576K
Event: 5.649 GC heap after
Heap after GC invocations=8 (full 1):
 PSYoungGen      total 135168K, used 1080K [0x00000000eab00000, 0x00000000f9780000, 0x0000000100000000)
  eden space 126976K, 0% used [0x00000000eab00000,0x00000000eab00000,0x00000000f2700000)
  from space 8192K, 13% used [0x00000000f2700000,0x00000000f280e260,0x00000000f2f00000)
  to   space 9216K, 0% used [0x00000000f8e80000,0x00000000f8e80000,0x00000000f9780000)
 ParOldGen       total 50176K, used 8254K [0x00000000c0000000, 0x00000000c3100000, 0x00000000eab00000)
  object space 50176K, 16% used [0x00000000c0000000,0x00000000c080f818,0x00000000c3100000)
 Metaspace       used 20892K, capacity 21690K, committed 21808K, reserved 1069056K
  class space    used 2516K, capacity 2687K, committed 2688K, reserved 1048576K
}
Event: 7.451 GC heap before
{Heap before GC invocations=9 (full 1):
 PSYoungGen      total 135168K, used 128056K [0x00000000eab00000, 0x00000000f9780000, 0x0000000100000000)
  eden space 126976K, 100% used [0x00000000eab00000,0x00000000f2700000,0x00000000f2700000)
  from space 8192K, 13% used [0x00000000f2700000,0x00000000f280e260,0x00000000f2f00000)
  to   space 9216K, 0% used [0x00000000f8e80000,0x00000000f8e80000,0x00000000f9780000)
 ParOldGen       total 50176K, used 8254K [0x00000000c0000000, 0x00000000c3100000, 0x00000000eab00000)
  object space 50176K, 16% used [0x00000000c0000000,0x00000000c080f818,0x00000000c3100000)
 Metaspace       used 29533K, capacity 30804K, committed 30848K, reserved 1077248K
  class space    used 3694K, capacity 3940K, committed 3968K, reserved 1048576K
Event: 7.470 GC heap after
Heap after GC invocations=9 (full 1):
 PSYoungGen      total 229888K, used 9206K [0x00000000eab00000, 0x00000000f9880000, 0x0000000100000000)
  eden space 220672K, 0% used [0x00000000eab00000,0x00000000eab00000,0x00000000f8280000)
  from space 9216K, 99% used [0x00000000f8e80000,0x00000000f977dbc8,0x00000000f9780000)
  to   space 11264K, 0% used [0x00000000f8280000,0x00000000f8280000,0x00000000f8d80000)
 ParOldGen       total 50176K, used 10033K [0x00000000c0000000, 0x00000000c3100000, 0x00000000eab00000)
  object space 50176K, 19% used [0x00000000c0000000,0x00000000c09cc5c8,0x00000000c3100000)
 Metaspace       used 29533K, capacity 30804K, committed 30848K, reserved 1077248K
  class space    used 3694K, capacity 3940K, committed 3968K, reserved 1048576K
}
Event: 9.840 GC heap before
{Heap before GC invocations=10 (full 1):
 PSYoungGen      total 229888K, used 94450K [0x00000000eab00000, 0x00000000f9880000, 0x0000000100000000)
  eden space 220672K, 38% used [0x00000000eab00000,0x00000000efe3ef38,0x00000000f8280000)
  from space 9216K, 99% used [0x00000000f8e80000,0x00000000f977dbc8,0x00000000f9780000)
  to   space 11264K, 0% used [0x00000000f8280000,0x00000000f8280000,0x00000000f8d80000)
 ParOldGen       total 50176K, used 10033K [0x00000000c0000000, 0x00000000c3100000, 0x00000000eab00000)
  object space 50176K, 19% used [0x00000000c0000000,0x00000000c09cc5c8,0x00000000c3100000)
 Metaspace       used 33599K, capacity 35322K, committed 35496K, reserved 1081344K
  class space    used 4211K, capacity 4531K, committed 4608K, reserved 1048576K
Event: 9.852 GC heap after
Heap after GC invocations=10 (full 1):
 PSYoungGen      total 231936K, used 9344K [0x00000000eab00000, 0x00000000f9880000, 0x0000000100000000)
  eden space 220672K, 0% used [0x00000000eab00000,0x00000000eab00000,0x00000000f8280000)
  from space 11264K, 82% used [0x00000000f8280000,0x00000000f8ba0240,0x00000000f8d80000)
  to   space 9216K, 0% used [0x00000000f8e80000,0x00000000f8e80000,0x00000000f9780000)
 ParOldGen       total 50176K, used 10041K [0x00000000c0000000, 0x00000000c3100000, 0x00000000eab00000)
  object space 50176K, 20% used [0x00000000c0000000,0x00000000c09ce5c8,0x00000000c3100000)
 Metaspace       used 33599K, capacity 35322K, committed 35496K, reserved 1081344K
  class space    used 4211K, capacity 4531K, committed 4608K, reserved 1048576K
}
Event: 9.852 GC heap before
{Heap before GC invocations=11 (full 2):
 PSYoungGen      total 231936K, used 9344K [0x00000000eab00000, 0x00000000f9880000, 0x0000000100000000)
  eden space 220672K, 0% used [0x00000000eab00000,0x00000000eab00000,0x00000000f8280000)
  from space 11264K, 82% used [0x00000000f8280000,0x00000000f8ba0240,0x00000000f8d80000)
  to   space 9216K, 0% used [0x00000000f8e80000,0x00000000f8e80000,0x00000000f9780000)
 ParOldGen       total 50176K, used 10041K [0x00000000c0000000, 0x00000000c3100000, 0x00000000eab00000)
  object space 50176K, 20% used [0x00000000c0000000,0x00000000c09ce5c8,0x00000000c3100000)
 Metaspace       used 33599K, capacity 35322K, committed 35496K, reserved 1081344K
  class space    used 4211K, capacity 4531K, committed 4608K, reserved 1048576K
Event: 9.907 GC heap after
Heap after GC invocations=11 (full 2):
 PSYoungGen      total 231936K, used 0K [0x00000000eab00000, 0x00000000f9880000, 0x0000000100000000)
  eden space 220672K, 0% used [0x00000000eab00000,0x00000000eab00000,0x00000000f8280000)
  from space 11264K, 0% used [0x00000000f8280000,0x00000000f8280000,0x00000000f8d80000)
  to   space 9216K, 0% used [0x00000000f8e80000,0x00000000f8e80000,0x00000000f9780000)
 ParOldGen       total 50176K, used 15888K [0x00000000c0000000, 0x00000000c3100000, 0x00000000eab00000)
  object space 50176K, 31% used [0x00000000c0000000,0x00000000c0f84160,0x00000000c3100000)
 Metaspace       used 33599K, capacity 35322K, committed 35496K, reserved 1081344K
  class space    used 4211K, capacity 4531K, committed 4608K, reserved 1048576K
}

